Aklox

Level 1 of the Dungeon
(0, 0, D:1)
  a robe
(0, 34, D:1)
  a scale mail
(19, 22, D:1)
  a club
(20, 45, D:1)
  a club
(24, 32, D:1)
  a dagger
(33, 28, D:1)
  a club
(44, 20, D:1)
  a club

Level 2 of the Dungeon
(0, 0, D:2)
  a hunting sling
  an uncursed club
(8, -1, D:2)
  a ring mail
(11, 11, D:2)
  a club
(23, 21, D:2)
  a spear
(32, 13, D:2)
  a dagger
(33, 2, D:2)
  a dagger of speed
(33, 13, D:2)
  a dagger
(40, 17, D:2)
  a dagger
(44, -5, D:2)
  a short sword

Level 3 of the Dungeon
(0, 0, D:3)
  a dagger
(1, 14, D:3)
  a club
(5, 24, D:3)
  a dagger
(9, 17, D:3)
  a robe
(21, -16, D:3)
  a trident
(28, -10, D:3)
  a whip
(34, -19, D:3)
  a hunting sling
(36, -11, D:3)
  a ring mail
(41, 12, D:3)
  a dagger
(45, -4, D:3)
  a dagger
  a kobold corpse

