Xolina

Level 1 of the Dungeon
(0, 0, D:1)
  a cursed -1 club
(3, -2, D:1)
  a +0 spear
(24, -3, D:1)
  a +0 club
(49, 12, D:1)
  a +0 robe
(52, 5, D:1)
  a +0 short sword
(55, 24, D:1)
  a +0 ring mail

Level 2 of the Dungeon
(0, 0, D:2)
  a +0 dagger
(4, 18, D:2)
  a +0 club
(6, -8, D:2)
  a +0 dagger
(11, 0, D:2)
  a +0 club
  a cursed +0 robe
(55, 23, D:2)
  a +0 dagger

Level 3 of the Dungeon
(0, 0, D:3)
  a +0 club
(8, -8, D:3)
  a +0 ring mail
(13, -22, D:3)
  a +0 dagger
  a +0 chain mail
(14, -22, D:3)
  a +0 short sword
  a +0 leather armour
  a +0 whip
  a +0 ring mail
(15, -2, D:3)
  a +0 club
(18, -17, D:3)
  a +0 short sword
(21, 0, D:3)
  a +0 ring mail
(26, -18, D:3)
  a +0 trident
(26, -13, D:3)
  a +0 hand axe
(27, 5, D:3)
  a +0 club
(33, -24, D:3)
  a +0 club
(35, -15, D:3)
  a +0 chain mail

Level 4 of the Dungeon
(0, 0, D:4)
  a +0 spear
(1, 0, D:4)
  a +0 club
(10, 24, D:4)
  a +0 scale mail
(17, 16, D:4)
  a +0 robe
(23, 13, D:4)
  a +0 ring mail
  a +0 flail
  a +0 dagger
  a +0 robe
(24, 13, D:4)
  a +0 dagger
  a +0 robe
(28, -3, D:4)
  a +0 leather armour
(29, -3, D:4)
  a +0 short sword
(34, 7, D:4)
  a +0 club
  a cursed +0 leather armour
  a +0 hand axe
  a +0 mace
  a +0 ring mail
  a +0 dagger
  a +0 robe
  a +0 flail
  a +0 scale mail
(40, 8, D:4)
  an uncursed ring of loudness

Level 5 of the Dungeon
(0, 0, D:5)
  a +0 mace
(1, 4, D:5)
  a +0 robe
(7, -6, D:5)
  a +0 spear
(10, -13, D:5)
  a +0 flail
  a +0 leather armour
(11, -13, D:5)
  a +0 whip
  a +0 club
  a +0 leather armour
  a potion of degeneration
(11, -12, D:5)
  a +0 dagger
  a +0 robe
(11, -8, D:5)
  a +0 trident
  a +0 leather armour
(27, 5, D:5)
  a +0 whip
  a +0 leather armour
(29, -3, D:5)
  a +0 dagger
  a +0 robe
  a +0 hand axe
  a +0 leather armour
(29, 1, D:5)
  a +0 trident
  a +0 leather armour
(29, 3, D:5)
  a +0 giant club
(47, -28, D:5)
  a +0 trident
(51, -11, D:5)
  a +0 leather armour

Level 6 of the Dungeon
(0, 0, D:6)
  a potion of lignification
(5, -12, D:6)
  a +0 dagger
  (unseen)
(6, -13, D:6)
  a +0 trident
  a cursed -1 ring mail
  an orc corpse
(6, -12, D:6)
  a +0 hand axe
  a +0 leather armour
  an orc corpse

