Xodu

Level 1 of the Dungeon
(5, 11, D:1)
  a +0 club
(55, 0, D:1)
  a +0 club

Level 2 of the Dungeon
(0, 4, D:2)
  a potion of lignification
(14, 3, D:2)
  a +0 robe
(15, -11, D:2)
  a +0 robe
(45, 13, D:2)
  a +0 whip
(46, -10, D:2)
  a cursed -1 dagger
(49, -31, D:2)
  a +0 club
  (unseen)

Level 3 of the Dungeon
(15, -4, D:3)
  a +0 hand axe
(16, -4, D:3)
  a +0 short sword
(17, -4, D:3)
  a +0 hand axe
(19, 9, D:3)
  a +0 hand axe
  a +0 leather armour
(20, -19, D:3)
  a cursed ring of loudness
(24, 15, D:3)
  a +0 whip
(26, -1, D:3)
  a +0 leather armour
(28, -4, D:3)
  a +0 robe
(44, -4, D:3)
  a +0 club

Level 4 of the Dungeon
(0, 0, D:4)
  a +0 club
(2, 4, D:4)
  a +0 whip
(3, 5, D:4)
  a +0 club
(22, 14, D:4)
  a +0 whip
(22, 17, D:4)
  a +0 mace
  a +0 leather armour
(23, 16, D:4)
  a +0 spear
(23, 17, D:4)
  a +0 spear

Level 5 of the Dungeon
(0, 0, D:5)
  a +0 animal skin
(1, -2, D:5)
  a potion of brilliance
(6, -6, D:5)
  a potion of agility

the Ecumenical Temple

