Soaj Xamn

Level 1 of the Dungeon
(0, 0, D:1)
  a +0 leather armour
(6, -13, D:1)
  a +0 ring mail
(9, -23, D:1)
  a +0 dagger
(12, -43, D:1)
  a +0 whip
(19, -31, D:1)
  a +0 club
(29, -20, D:1)
  a +0 robe
(34, -19, D:1)
  a +0 club
(35, -36, D:1)
  a +0 ring mail
(35, -19, D:1)
  a +0 dagger
(35, -13, D:1)
  a +0 club
(36, -15, D:1)
  a +0 club
(36, -14, D:1)
  a +0 dagger
(40, -31, D:1)
  a +0 flail
(40, -30, D:1)
  a +0 club

Level 2 of the Dungeon
(0, 0, D:2)
  a +0 club
(12, 12, D:2)
  a +0 whip
(17, 15, D:2)
  a +0 club
(30, 2, D:2)
  a cursed -3 short sword
(46, -3, D:2)
  a +0 quarterstaff

Level 3 of the Dungeon
(12, 6, D:3)
  a +0 leather armour
(16, 5, D:3)
  15 arrows
(22, 13, D:3)
  19 stones
(34, -15, D:3)
  a +0 robe

