Aklox

Level 1 of the Dungeon
(0, 0, D:1)
  a +0 robe
(0, 34, D:1)
  a +0 scale mail
(19, 22, D:1)
  a +0 club
(20, 45, D:1)
  a +0 club
(24, 32, D:1)
  a +0 dagger
(33, 28, D:1)
  a +0 club
(44, 20, D:1)
  a +0 club

Level 2 of the Dungeon
(0, 0, D:2)
  a +0 hunting sling
  a +0 club
(8, -1, D:2)
  a +0 ring mail
(11, 11, D:2)
  a +0 club
(23, 21, D:2)
  a +0 spear
(32, 13, D:2)
  a +0 dagger
(33, 2, D:2)
  a +0 dagger of speed
(33, 13, D:2)
  a +0 dagger
(40, 17, D:2)
  a +0 dagger
(44, -5, D:2)
  a +0 short sword

Level 3 of the Dungeon
(0, 0, D:3)
  a +0 dagger
(1, 14, D:3)
  a +0 club
(5, 24, D:3)
  a +0 dagger
(6, -6, D:3)
  a +0 dagger
  a goblin skeleton
(9, 17, D:3)
  a +0 robe
(21, -16, D:3)
  a +0 trident
(28, -10, D:3)
  a +0 whip
(32, -15, D:3)
  a +0 flail
(34, -19, D:3)
  a +0 hunting sling
(36, -11, D:3)
  a cursed +0 ring mail
(41, 12, D:3)
  a +0 dagger
(45, -4, D:3)
  a +0 dagger
  a kobold corpse (skeletalised by now)

Level 4 of the Dungeon
(0, 0, D:4)
  4 gold pieces
(4, 3, D:4)
  a dart slug corpse
(5, 10, D:4)
  a scroll of magic mapping
(8, 2, D:4)
  9 arrows
(11, -2, D:4)
  a +0 cloak

