Oqeff

Level 1 of the Dungeon
(0, 0, D:1)
  a +0 club
(1, -24, D:1)
  a +0 club
(5, 24, D:1)
  a +0 club
(17, 6, D:1)
  a +0 club
(17, 18, D:1)
  a +0 dagger
(17, 20, D:1)
  a +0 leather armour
(23, -14, D:1)
  a +0 club
(24, -16, D:1)
  4 large rocks
(24, -4, D:1)
  a +0 halberd
(36, -14, D:1)
  a +0 dagger

Level 2 of the Dungeon
(0, 0, D:2)
  a +0 robe
(13, -5, D:2)
  a +0 spear
(27, -23, D:2)
  a +0 hand axe
(27, -17, D:2)
  a cursed -1 club
(31, -3, D:2)
  a cursed ring of teleportation
(32, -27, D:2)
  a +0 mace

Level 3 of the Dungeon
(0, 0, D:3)
  a +0 dagger
(15, -2, D:3)
  a +0 dagger
(19, 10, D:3)
  a +0 dagger
  a +0 club
(20, 10, D:3)
  a +0 dagger
(22, 7, D:3)
  a +0 dagger
(25, -2, D:3)
  a +0 leather armour
  a +0 robe
  a +0 club
  a +0 leather armour
  a +0 club
  a +0 leather armour
(29, -1, D:3)
  a +0 club
(32, 12, D:3)
  a +0 dagger
  a +0 leather armour
(39, 30, D:3)
  a +0 club

Level 4 of the Dungeon
(0, 0, D:4)
  a +0 robe
(9, 0, D:4)
  a +0 giant club
(10, 6, D:4)
  a cursed -1 dagger
(19, 35, D:4)
  a +0 war axe
  a +0 flail
  a +0 club
(25, 36, D:4)
  a +0 scale mail
(40, 5, D:4)
  a +0 mace
(43, 2, D:4)
  a +0 robe

Level 5 of the Dungeon
(0, 4, D:5)
  a +0 giant club
(12, 8, D:5)
  a +0 giant club
(13, 9, D:5)
  a +0 shortbow
(16, -4, D:5)
  a +0 giant club
(25, 18, D:5)
  12 gold pieces
(50, 36, D:5)
  a +0 whip
(61, 5, D:5)
  a +0 leather armour

Level 6 of the Dungeon
(0, 0, D:6)
  a +0 flail
(0, 1, D:6)
  a +0 whip
(0, 6, D:6)
  a +0 shortbow
(1, -1, D:6)
  a +0 dagger
(1, 0, D:6)
  a +0 dagger
  a +0 robe
(5, 5, D:6)
  a +0 spear
  a +0 trident
  a +0 ring mail
  a +0 trident
  a +0 dagger
  2 scrolls of fear
  4 scrolls of noise
  6 scrolls of teleportation
(10, 29, D:6)
  a +0 club
(16, 28, D:6)
  a cursed ring of teleportation
(29, 27, D:6)
  a +0 robe
(29, 28, D:6)
  6 large rocks
(31, 27, D:6)
  a +0 mace
  a +0 short sword
  a +0 trident
  a +0 leather armour
(32, 27, D:6)
  a +0 chain mail
(46, 33, D:6)
  a +0 plate armour

Level 7 of the Dungeon
(0, 0, D:7)
  a +0 ring mail
(13, -29, D:7)
  a +0 whip
(15, -28, D:7)
  a +0 hunting sling
(30, 11, D:7)
  a +0 flail
(30, 12, D:7)
  a +0 hand axe
  a +0 leather armour
  a cursed -2 dagger
  a +0 robe
(43, -32, D:7)
  a +0 giant club
(63, -12, D:7)
  a +0 club
(67, 8, D:7)
  a cursed +0 chain mail
  a scroll of teleportation
  14 poisoned needles

Level 8 of the Dungeon
(0, 0, D:8)
  2 stones
(1, -1, D:8)
  a +0 robe
  a +4 dagger of freezing
  a +0 robe
(2, -1, D:8)
  a +0 halberd
  a +0 robe
(3, -10, D:8)
  a +0 giant club
(4, -12, D:8)
  a +0 short sword
(4, -1, D:8)
  a +0 hand axe
  a +0 robe
(5, -1, D:8)
  a +0 robe
(9, 11, D:8)
  a +0 ring mail
(26, -6, D:8)
  a +0 mace
(34, -7, D:8)
  a +0 hand axe
(39, -6, D:8)
  a +0 morningstar
  a +0 long sword
  a +0 chain mail
(41, 0, D:8)
  a +0 shortbow
(43, 0, D:8)
  a +0 flail
  a +0 flail
  a cursed -3 dagger
  a +0 robe
(44, 0, D:8)
  a +0 war axe
  a cursed +0 ring mail
(46, 17, D:8)
  a +0 trident
  a +0 plate armour

the Ecumenical Temple
(5, 5, Temple)
  9 poisoned needles
  a +1 scythe of venom

Level 1 of the Lair of Beasts
(0, 0, Lair:1)
  22 gold pieces
(3, 7, Lair:1)
  127 bolts
  a book of Clouds
(4, 0, Lair:1)
  a potion of might
(8, 22, Lair:1)
  13 bolts
(9, 9, Lair:1)
  3 curare-tipped needles
(11, 9, Lair:1)
  a +0 ring mail
(12, 10, Lair:1)
  a curare-tipped needle
(12, 14, Lair:1)
  a +1 short sword of venom
  a -3 blowgun
(15, 11, Lair:1)
  a meat ration
(24, 9, Lair:1)
  a wand of slowing (36/48)
(30, 11, Lair:1)
  a scroll of identify

