Qatibiyc

Level 1 of the Dungeon
(0, 0, D:1)
  a +0 ring mail
(4, 2, D:1)
  a +0 club
(6, -2, D:1)
  a +0 ring mail
(7, 0, D:1)
  a +0 whip
(11, 20, D:1)
  a +0 ring mail
(15, 0, D:1)
  a +0 club
(27, 28, D:1)
  a cursed -3 club
(32, 9, D:1)
  a +0 dagger

Level 2 of the Dungeon
(0, 0, D:2)
  a +0 club
(5, 0, D:2)
  a cursed -3 mace
(9, 1, D:2)
  a +0 spear
(12, 19, D:2)
  a +0 club
(14, 4, D:2)
  a +0 whip
(17, 16, D:2)
  a +0 club

Level 3 of the Dungeon
(0, 0, D:3)
  a +0 leather armour
(20, 2, D:3)
  a +0 leather armour
(23, -1, D:3)
  a +0 club
(40, 9, D:3)
  a +0 dagger
  a cursed +0 leather armour
(42, 14, D:3)
  a +0 club
(52, 36, D:3)
  a +0 robe
(58, 21, D:3)
  a +0 whip
(58, 22, D:3)
  a +0 flail

Level 4 of the Dungeon
(0, 0, D:4)
  a cursed -1 flail
  a +0 ring mail
  a +0 hand axe
  a +0 scale mail
(1, -16, D:4)
  a +0 dagger
(1, 0, D:4)
  a +0 dagger
  a +0 robe
(12, -8, D:4)
  a +0 flail
(12, -6, D:4)
  a +0 morningstar
(13, -7, D:4)
  a +2 mace of protection
(14, -7, D:4)
  a +0 scythe
  a +0 robe
(20, -3, D:4)
  a +0 leather armour
(36, -10, D:4)
  a +0 hand axe
  a +0 leather armour
(40, -4, D:4)
  a +0 club
(44, -22, D:4)
  a +0 dagger
(44, -16, D:4)
  a +0 short sword
  a +0 ring mail
(44, -14, D:4)
  a +0 short sword
  a +0 robe
(46, -8, D:4)
  a +0 short sword

Level 5 of the Dungeon
(0, 0, D:5)
  a +0 ring mail
(2, -29, D:5)
  a +0 spear
(2, -28, D:5)
  a +0 whip
  a +0 robe
(2, -27, D:5)
  a +0 halberd
(3, -29, D:5)
  a +0 spear
(10, -23, D:5)
  a +0 chain mail
(14, -6, D:5)
  a +0 ring mail
(18, -24, D:5)
  a scroll of random uselessness
(33, -17, D:5)
  a +0 giant club
(44, -27, D:5)
  a +0 dagger
  a cursed +0 robe
(57, 5, D:5)
  a +0 short sword

Level 6 of the Dungeon
(0, 0, D:6)
  a +0 club
  a +0 club
  a +0 whip
  a +0 leather armour
(2, -27, D:6)
  a +0 naga barding
(3, -30, D:6)
  a +0 shortbow
(5, 2, D:6)
  a scroll of noise
(7, -5, D:6)
  a +0 robe
(14, -16, D:6)
  a +0 hunting sling
  4 poisoned needles
  a cursed +2 ring of dexterity
  a wand of random effects (17/48)
  a +0 short sword
  a +0 dagger
  5 scrolls of noise
(14, -2, D:6)
  a +0 robe
(19, -35, D:6)
  a +0 giant club
(19, -16, D:6)
  a +0 falchion
(33, -37, D:6)
  a +5 halberd of venom
  a +0 robe

Level 7 of the Dungeon
[Shop] Poatagh's Magic Scroll Shoppe
  a scroll of acquirement (676 gold)
  a scroll of summoning (123 gold)
  a scroll of acquirement (676 gold)
  a scroll of enchant weapon (97 gold)
  a scroll of enchant armour (97 gold)
  a scroll of acquirement (676 gold)
  a scroll of enchant weapon (97 gold)
[Shop] Icwafoss's Book Shop
  a book of Power (630 gold)
  a book of the Earth (910 gold)
  a book of Misfortune (280 gold)
  the Handbook of Evil and Shape Shifting (1400 gold)
    Spells                             Type                      Level
     a - Excruciating Wounds          Charms/Necromancy             5
     b - Death Channel                Necromancy                    6
     c - Hydra Form                   Transmutation                 6
  Paxziopo's Collected Works on Shifting Venom (700 gold)
    Spells                             Type                      Level
     a - Beastly Appendage            Transmutation                 1
     b - Ice Form                     Ice/Transmutation             4
     c - Petrify                      Transmutation/Earth           4
     d - Irradiate                    Conjuration/Transmutation     5
     e - Poisonous Cloud              Conjuration/Poison/Air        6
  a Young Poisoner's Handbook (560 gold)
  a book of Burglary (1050 gold)
  a book of Flames (490 gold)
  a book of Geomancy (490 gold)
  a book of Party Tricks (700 gold)
  a book of Changes (350 gold)
[Shop] Goci's Book Emporium
  a book of Spatial Translocations (910 gold)
  a book of Air (490 gold)
  a book of Geomancy (490 gold)
  a book of Cantrips (280 gold)
  a book of Beasts (770 gold)
  a book of Minor Magic (280 gold)
  a book of Unlife (910 gold)
  the Collected Works on Dark Lightness (518 gold)
    Spells                             Type                      Level
     a - Shock                        Conjuration/Air               1
     b - Animate Skeleton             Necromancy                    1
     c - Pain                         Necromancy                    1
     d - Animate Dead                 Necromancy                    4
     e - Control Undead               Necromancy                    4
  a book of Frost (490 gold)
  a book of Debilitation (560 gold)
  a book of Misfortune (280 gold)
[Shop] Wentysk's Magic Scroll Emporium
  a scroll of immolation (52 gold)
  a scroll of enchant weapon (112 gold)
  a scroll of amnesia (52 gold)
  a scroll of recharging (142 gold)
  a scroll of identify (30 gold)
  a scroll of magic mapping (52 gold)
  a scroll of enchant armour (112 gold)
  a scroll of amnesia (52 gold)
  a scroll of enchant weapon (112 gold)
(0, 0, D:7)
  a +0 dagger
(8, 24, D:7)
  a +0 robe
(9, 24, D:7)
  a +0 robe
(9, 25, D:7)
  a cursed +0 robe
(11, 25, D:7)
  a +0 hunting sling
(16, 15, D:7)
  a +0 quarterstaff
(17, 12, D:7)
  a cursed +4 long sword
  a +1 scale mail
  a +0 trident
  a +0 halberd
(20, -2, D:7)
  8 poisoned needles
(24, 9, D:7)
  a +0 leather armour
(25, 9, D:7)
  a +0 club
(26, 9, D:7)
  a +0 dagger
  a +0 leather armour
  a +0 halberd of venom
  a +0 chain mail
(27, 14, D:7)
  a +2 mace of draining
  a +0 plate armour
(29, 14, D:7)
  a +0 chain mail
(29, 33, D:7)
  a +0 club
(30, 32, D:7)
  a +0 falchion
  a +0 leather armour
(30, 33, D:7)
  a +0 club
(36, 14, D:7)
  a +0 hunting sling
(49, 8, D:7)
  a +0 shortbow
(50, 1, D:7)
  a scroll of random uselessness
(50, 20, D:7)
  a wand of random effects (11/48)
(53, 4, D:7)
  17 poisoned needles

Level 8 of the Dungeon
(0, 0, D:8)
  a +0 trident
  a +0 plate armour
  a +0 dagger
  a +0 robe
(2, 0, D:8)
  a +0 dagger
  a +0 robe
(3, 0, D:8)
  a +0 dagger
  a +0 robe
(10, 13, D:8)
  a +0 quarterstaff
(15, 3, D:8)
  4 potions of degeneration
(22, 2, D:8)
  2 potions of lignification
  a wand of flame (28/48)
(22, 4, D:8)
  40 bolts
(24, 19, D:8)
  a +0 shortbow
(30, 0, D:8)
  a +0 dagger
  a +0 robe
(31, -1, D:8)
  a +0 war axe
(31, 0, D:8)
  a +0 ring mail
(35, 16, D:8)
  a cursed +0 scale mail
(37, 12, D:8)
  a +0 club
(41, -10, D:8)
  a +0 spear
(58, 16, D:8)
  a cursed -2 hunting sling

Level 9 of the Dungeon
(0, 0, D:9)
  a +0 club
(0, 1, D:9)
  a +0 dagger
  a +0 chain mail
(1, 0, D:9)
  a +0 short sword
  a +0 ring mail
(1, 1, D:9)
  a +0 hand axe
(2, -1, D:9)
  a +0 dagger
  a +0 robe
(3, -1, D:9)
  a cursed -1 dagger
  a +0 robe
  a +0 dagger
  a +0 robe
(3, 12, D:9)
  a +0 rapier
(5, -1, D:9)
  a +0 hand axe
(5, 0, D:9)
  a +0 dagger
  a +0 scale mail
(12, 4, D:9)
  a +0 ring mail
  an orc skeleton
(12, 5, D:9)
  a +0 dagger
  a +0 robe
(12, 12, D:9)
  a scroll of amnesia
(13, 4, D:9)
  a +0 war axe
  a +0 plate armour
(13, 9, D:9)
  a +0 shortbow
  a centaur skeleton
(14, 2, D:9)
  a +0 shortbow
(15, 6, D:9)
  a +0 leather armour
(19, 31, D:9)
  a +0 dagger
(20, 20, D:9)
  a +0 morningstar
  a +0 chain mail
(20, 21, D:9)
  a +0 flail
  a +0 leather armour
(20, 30, D:9)
  a poisoned needle
  a +0 whip
(21, 29, D:9)
  2 poisoned needles
(21, 31, D:9)
  a +0 short sword
(22, 28, D:9)
  a poisoned needle
  a +0 short sword
(23, 25, D:9)
  a cursed -3 blowgun
  a +0 dagger
  3 poisoned needles
(24, 31, D:9)
  a scroll of noise
(39, 22, D:9)
  a +0 club
  a +0 scale mail
(40, 18, D:9)
  a +0 short sword
  a +0 morningstar
  a +0 dagger
  a +0 flail of draining
  a +0 chain mail
  a +2 dagger of venom
  a +0 robe
(50, 16, D:9)
  a cursed -2 giant club
  a +0 giant club

Level 10 of the Dungeon
(0, 0, D:10)
  21 arrows
(0, 3, D:10)
  a javelin
(1, 4, D:10)
  a javelin
(2, 5, D:10)
  a javelin

the Ecumenical Temple

