Evvung

Level 1 of the Dungeon
(0, 0, D:1)
  a +0 dagger
(2, 0, D:1)
  a +0 short sword
(20, -10, D:1)
  a +0 short sword
(25, 1, D:1)
  a +0 club
(26, -23, D:1)
  a +0 dagger
  a +0 dagger
(28, -9, D:1)
  a +0 flail
(37, -35, D:1)
  a cursed -3 whip

Level 2 of the Dungeon
(0, 0, D:2)
  a +0 dagger
(0, 21, D:2)
  a +0 dagger
(1, 43, D:2)
  a +5 club
  a cursed +0 animal skin
  a +0 helmet
(2, 44, D:2)
  a +0 hunting sling
(3, 43, D:2)
  a +0 dagger
  a +0 dagger
  a +0 dagger
  a +0 dagger
  a +0 dagger
(4, 43, D:2)
  a +0 club
(13, -4, D:2)
  a +0 dagger
(23, 14, D:2)
  a +0 short sword
(25, 17, D:2)
  a +0 club
(28, 31, D:2)
  a +0 dagger
(39, 4, D:2)
  a +0 dagger
(41, 8, D:2)
  a +0 club
(42, 30, D:2)
  13 poisoned needles
(47, 4, D:2)
  a +0 hunting sling
  a +0 dagger
(50, 14, D:2)
  a +0 dagger
(52, 35, D:2)
  a +0 club
(58, 47, D:2)
  a +0 club

Level 3 of the Dungeon
(0, 0, D:3)
  a +0 short sword
(3, 4, D:3)
  a +0 dagger
  a +0 robe
(4, 6, D:3)
  a +0 leather armour
(4, 7, D:3)
  a +0 whip
  a +0 chain mail
(4, 8, D:3)
  a +0 leather armour
  a +0 chain mail
(11, -12, D:3)
  a +0 club
(16, 7, D:3)
  a +0 scale mail
(18, -16, D:3)
  a +0 club
(18, -9, D:3)
  a +3 dagger
  a +0 club
  a +0 short sword
(18, -8, D:3)
  a +0 club
(21, -14, D:3)
  a +0 hand axe
(31, 19, D:3)
  a cursed -2 club
  an orc skeleton
(31, 28, D:3)
  a +0 chain mail
(36, 31, D:3)
  a +0 ring mail
(40, -11, D:3)
  a +0 club

