Qar Lyg

Level 1 of the Dungeon
(0, 0, D:1)
  a +0 club
(6, -1, D:1)
  a +0 club
(13, 22, D:1)
  a +0 short sword
(17, 32, D:1)
  a +0 dagger
(31, 0, D:1)
  a +0 robe
(31, 3, D:1)
  a +0 club
(33, 16, D:1)
  a +0 club

Level 2 of the Dungeon
(0, 0, D:2)
  a +0 dagger
(5, 9, D:2)
  a +0 dagger
(7, 1, D:2)
  a cursed -1 club
  a +0 club
  a +0 hand axe
(17, 7, D:2)
  a cursed -1 hand axe
(24, 11, D:2)
  a +0 club
(35, 23, D:2)
  4 large rocks
(39, 12, D:2)
  a +0 robe

Level 3 of the Dungeon
(0, 0, D:3)
  a +0 ring mail
(7, -10, D:3)
  a +0 chain mail
(8, 0, D:3)
  a +0 spear
(11, -25, D:3)
  a cursed +0 leather armour
(14, -21, D:3)
  a +0 scale mail
(18, -19, D:3)
  a +2 flail of protection
(18, -18, D:3)
  a +0 whip
  a +0 chain mail
(18, -2, D:3)
  a +0 short sword
(20, -18, D:3)
  a +0 club
(23, -22, D:3)
  a +0 club
(25, -7, D:3)
  a +0 club
(28, 5, D:3)
  a +0 leather armour
(30, -15, D:3)
  a +0 leather armour
(36, -7, D:3)
  a +0 short sword
(37, -13, D:3)
  a +0 club

Level 4 of the Dungeon
(0, 0, D:4)
  a +0 whip
(3, -3, D:4)
  17 stones

