Uhyd

Level 1 of the Dungeon
(0, 0, D:1)
  a +0 dagger
(36, 30, D:1)
  a +0 mace
(42, 34, D:1)
  a +0 ring mail
(47, 33, D:1)
  a +0 club

Level 2 of the Dungeon
(5, 9, D:2)
  a +0 club
  a +0 club
(9, 2, D:2)
  a +0 mace
(23, -2, D:2)
  a +0 club
(25, -12, D:2)
  a +0 club
(37, -29, D:2)
  a +0 dagger
(42, -19, D:2)
  a +0 whip
(46, -33, D:2)
  3 large rocks

Level 3 of the Dungeon
(2, 3, D:3)
  a +0 buckler
(7, 7, D:3)
  a potion of lignification
(12, -29, D:3)
  a +0 club
(12, 8, D:3)
  a +0 leather armour
  a +0 club
  a +0 leather armour
(12, 11, D:3)
  a +0 club
(13, 9, D:3)
  a +0 mace
(17, -3, D:3)
  a +0 robe
(18, -3, D:3)
  a +0 hand axe
  a +0 club
  a +0 dagger
  a +0 robe
  a potion of lignification
  a +0 leather armour
(22, -31, D:3)
  a cursed -1 short sword
  a +0 chain mail
(31, -31, D:3)
  a +0 robe
(39, -9, D:3)
  a +0 mace

Level 4 of the Dungeon
(0, 0, D:4)
  a +0 whip
  a +0 robe
(16, 38, D:4)
  a +0 giant club
(17, -20, D:4)
  a +0 mace
  a +0 scale mail
(19, -20, D:4)
  a +0 dagger
  a +0 chain mail
  a +0 hand axe
  a +0 leather armour
  a +0 short sword
  a +0 dagger
  a +0 robe
(22, -7, D:4)
  a +0 whip
(35, -8, D:4)
  a +0 dagger
  a +0 leather armour
(42, 30, D:4)
  a cursed +0 club
  a +0 club
  a +0 dagger
(43, 30, D:4)
  a +0 club
(44, 30, D:4)
  a +0 dagger
(45, 30, D:4)
  a +0 giant spiked club
  a +0 club
  a +0 animal skin
  a +0 helmet
(63, -10, D:4)
  a +0 leather armour

Level 5 of the Dungeon
(0, 0, D:5)
  a +0 quarterstaff
(7, -2, D:5)
  a +0 chain mail
(27, 16, D:5)
  a +0 hand axe
  a +0 mace
  a +0 long sword
(33, -39, D:5)
  a +0 club

Level 6 of the Dungeon
[Shop] Gaz Ter's Book Shoppe
  a Fen Folio (825 gold)
  a book of Conjurations (330 gold)
  a book of the Earth (715 gold)
  a book of Minor Magic (220 gold)
  a book of Cantrips (220 gold)
  the Collected Works on the Entourage (2645 gold)
    Spells                             Type                      Level
     a - Summon Butterflies           Summoning                     1
     b - Recall                       Summoning/Translocation       3
     c - Malign Gateway               Summoning/Translocation       7
     d - Dragon's Call                Summoning                     9
  the Volume of Flight and Stolen Souls (737 gold)
    Spells                             Type                      Level
     a - Shock                        Conjuration/Air               1
     b - Mephitic Cloud               Conjuration/Poison/Air        3
     c - Excruciating Wounds          Charms/Necromancy             5
     d - Silence                      Hexes/Air                     5
     e - Deflect Missiles             Charms/Air                    6
  a book of Necromancy (330 gold)
  a book of Conjurations (330 gold)
  the Almanac of Beguiling and Fire (715 gold)
    Spells                             Type                      Level
     a - Flame Tongue                 Conjuration/Fire              1
     b - Ignite Poison                Fire/Transmutation/Poison     3
     c - Confuse                      Hexes                         3
     d - Spectral Weapon              Hexes/Charms                  3
  a Necronomicon (1214 gold)
  a book of Changes (275 gold)
(0, 0, D:6)
  a +0 dagger
  a +0 robe
(0, 1, D:6)
  a +0 club
  a +0 leather armour
(1, 0, D:6)
  a +0 hand axe
(1, 1, D:6)
  a +0 club
(6, -30, D:6)
  a +0 buckler
(12, -11, D:6)
  a +0 scale mail
(26, -4, D:6)
  a +0 club
(31, -21, D:6)
  a +0 spear
(37, -14, D:6)
  an uncursed ring of teleportation
(42, -1, D:6)
  a scroll of amnesia
  a +0 scale mail
  a +0 pair of gloves
  a +0 shield
  a +3 quarterstaff of chaos

Level 7 of the Dungeon
(6, 0, D:7)
  a +0 giant club
(6, 1, D:7)
  a +0 hand axe
(9, -17, D:7)
  a scroll of fear
(15, -16, D:7)
  a +0 scale mail
(15, -15, D:7)
  a cursed -1 war axe
(15, -3, D:7)
  a +0 ring mail
  a +0 quarterstaff
  a cursed -2 hunting sling
  a water moccasin corpse (skeletalised by now)
  the human corpse of Joseph (skeletalised by now)
(17, -12, D:7)
  a potion of mutation
(18, 10, D:7)
  a +0 giant club
  a +0 robe
(20, -10, D:7)
  a stone (still there?)
  a javelin (still there?)
(21, -8, D:7)
  a stone
(22, -13, D:7)
  a stone
(22, -11, D:7)
  a potion of curing
(22, -10, D:7)
  a cursed -3 club
(25, -10, D:7)
  21 sling bullets
(26, -11, D:7)
  the +4 ring mail "Cufioq" {Str+3 Int+2}
    It affects your strength (+3).
    It affects your intelligence (+2).
(27, -2, D:7)
  a scroll of amnesia
(29, -3, D:7)
  a javelin
(30, -10, D:7)
  2 scrolls of amnesia
(30, -3, D:7)
  a javelin
(32, -10, D:7)
  a scroll of teleportation
(37, 16, D:7)
  a +0 chain mail
(38, -13, D:7)
  a wand of lightning (7/15)
(43, 7, D:7)
  an uncursed ring of loudness
(45, 5, D:7)
  a +0 giant spiked club
(47, -1, D:7)
  a +0 hunting sling

the Ecumenical Temple

