Adualyli

Level 1 of the Dungeon
(0, 0, D:1)
  a +0 short sword
(4, -20, D:1)
  a +0 club
(13, -26, D:1)
  a cursed -2 dagger
  a goblin skeleton
(13, 10, D:1)
  a +0 club
(15, -26, D:1)
  a +0 ring mail
(16, 9, D:1)
  a +0 dagger
(28, 11, D:1)
  a +0 dagger
(31, 0, D:1)
  a +0 short sword
(35, 12, D:1)
  a cursed -2 short sword
  a kobold corpse (skeletalised by now)
(37, -22, D:1)
  a +0 club
(43, -10, D:1)
  a +0 spear
(45, -9, D:1)
  a kobold corpse (skeletalised by now)

Level 2 of the Dungeon
(0, 0, D:2)
  9 gold pieces
(7, 2, D:2)
  a +0 robe
(11, 1, D:2)
  a +0 dagger
(16, 13, D:2)
  13 stones
(18, 14, D:2)
  a +0 mace

