Zeteed

Level 1 of the Dungeon
(2, 22, D:1)
  a +0 leather armour
(29, 1, D:1)
  a +0 whip
(30, 1, D:1)
  a +0 club
(31, 1, D:1)
  a +0 club
(33, 11, D:1)
  a +0 club
(49, 7, D:1)
  a +0 dagger
(52, 14, D:1)
  a +0 ring mail

Level 2 of the Dungeon
(0, 0, D:2)
  a +0 leather armour
(13, -7, D:2)
  a +0 club
(13, -6, D:2)
  a +0 club
(13, -4, D:2)
  a +0 dagger
(14, -2, D:2)
  a +0 ring mail
(15, 4, D:2)
  a +0 hand axe
(16, -9, D:2)
  a +0 robe
(26, -18, D:2)
  a +0 dagger
(42, 10, D:2)
  a +0 club
(51, -8, D:2)
  a +0 ring mail

Level 3 of the Dungeon
(0, 0, D:3)
  a +0 club
(3, 23, D:3)
  a +0 club
(10, 46, D:3)
  a +0 robe
(11, 49, D:3)
  a cursed -3 dagger
(13, 4, D:3)
  a +0 club
(13, 24, D:3)
  a +0 halberd
(15, 2, D:3)
  a +0 short sword
(16, 3, D:3)
  a +0 whip
  a cursed -2 leather armour
(16, 4, D:3)
  a +0 leather armour
(24, 26, D:3)
  a +0 dagger
  a +0 robe
(27, 26, D:3)
  a +0 hand axe
  a +0 leather armour
(28, 26, D:3)
  a +0 flail
(32, 27, D:3)
  a +0 buckler
(34, 18, D:3)
  a +0 club
(46, 16, D:3)
  a +0 plate armour

Level 4 of the Dungeon
(0, 0, D:4)
  a +0 chain mail
(4, -8, D:4)
  a +0 giant club
(8, -2, D:4)
  a potion of degeneration
(10, -5, D:4)
  a beef jerky

Level 7 of the Dungeon
[Shop] Qeilux's Distillery
  (Shop contents are unknown)
(0, 0, D:7)
  a +0 war axe
(1, 0, D:7)
  7 gold pieces
(2, -2, D:7)
  a +0 war axe
(3, 2, D:7)
  12 gold pieces
(5, 3, D:7)
  5 gold pieces
(6, -4, D:7)
  a meat ration
(33, -11, D:7)
  a scroll of enchant armour
(35, -10, D:7)
  2 sling bullets
(35, -8, D:7)
  a sling bullet
(36, -8, D:7)
  2 sling bullets

