Fopnosta

Level 1 of the Dungeon
(0, 0, D:1)
  a +0 dagger
(2, 2, D:1)
  a +0 ring mail
(4, 11, D:1)
  a +0 leather armour
(10, -7, D:1)
  a +0 whip
(11, -23, D:1)
  a +0 helmet
(13, -24, D:1)
  a cursed -2 club
(19, 0, D:1)
  a +2 vampiric dagger
(21, -14, D:1)
  a +0 club
(21, -1, D:1)
  a +0 whip
(36, -17, D:1)
  a +0 club

Level 2 of the Dungeon
(0, 0, D:2)
  a +0 club
(22, 6, D:2)
  a +0 dagger
(23, -16, D:2)
  a +0 spear
(31, -9, D:2)
  a +0 arbalest
(32, -16, D:2)
  a cursed -2 dagger
(36, -42, D:2)
  a +0 club
(47, -17, D:2)
  a +0 club

Level 3 of the Dungeon
(15, -3, D:3)
  a +0 dagger
  (unseen)
(15, 4, D:3)
  a potion of brilliance
(17, -9, D:3)
  a +0 chain mail
(27, 6, D:3)
  a +0 club
  a hobgoblin skeleton
(27, 7, D:3)
  a +0 hand axe
(33, -3, D:3)
  a +0 club
(35, 2, D:3)
  a gnoll corpse
(35, 3, D:3)
  11 gold pieces

