Bilug

Level 1 of the Dungeon
(0, 0, D:1)
  a +0 robe
(7, -3, D:1)
  a +0 club
(14, 23, D:1)
  a +0 whip
(15, -13, D:1)
  a +0 club
  a +0 robe
(17, 41, D:1)
  a cursed -2 dagger
(22, -8, D:1)
  a +0 short sword
(22, 4, D:1)
  a cursed -3 club
(23, 3, D:1)
  a +0 dagger
(26, 14, D:1)
  a +0 club
(26, 16, D:1)
  a +0 whip
(33, -8, D:1)
  a cursed -2 robe
(37, 41, D:1)
  a potion of berserk rage
(49, 22, D:1)
  a +0 club

Level 2 of the Dungeon
(0, 0, D:2)
  a +0 short sword
(9, 18, D:2)
  a +0 dagger
(20, 18, D:2)
  a +0 spear
(29, -14, D:2)
  a +0 robe
(29, 19, D:2)
  a +0 club
(31, -7, D:2)
  a +0 trident
  a +0 scale mail
(32, 11, D:2)
  a cursed -2 robe
(37, 1, D:2)
  a +0 dagger

Level 3 of the Dungeon
(0, 0, D:3)
  a +0 club
  an orc corpse
(0, 1, D:3)
  a +0 hand axe
(0, 2, D:3)
  a goblin corpse
(2, 3, D:3)
  12 gold pieces
(4, -14, D:3)
  a cursed -2 club

