Xuuliopti

Level 1 of the Dungeon
(0, 0, D:1)
  a +0 club
(2, -13, D:1)
  a +0 spear
(4, 5, D:1)
  a cursed -2 club
(5, -15, D:1)
  a +0 chain mail
(5, 32, D:1)
  a +0 club
(7, 12, D:1)
  a +0 club
(18, 9, D:1)
  a +0 scale mail
(31, -26, D:1)
  a cursed ring of teleportation
(33, 26, D:1)
  a +0 club
(38, -21, D:1)
  a +0 dagger

Level 2 of the Dungeon
(3, -10, D:2)
  a cursed -2 dagger
(3, 20, D:2)
  a +0 club
(5, -9, D:2)
  a +0 ring mail
(6, 10, D:2)
  a +0 club
(11, 6, D:2)
  a +0 buckler
(17, 5, D:2)
  a cursed -2 club
(20, 1, D:2)
  a +0 ring mail
(37, 20, D:2)
  a cursed +0 club

Level 3 of the Dungeon
(0, 0, D:3)
  4 poisoned needles
(0, 2, D:3)
  a poisoned needle
(0, 3, D:3)
  a poisoned needle
(0, 4, D:3)
  a poisoned needle
(1, 0, D:3)
  a poisoned needle
(1, 1, D:3)
  a poisoned needle
(3, -4, D:3)
  a potion of heal wounds

