Pihad

Level 2 of the Dungeon
(0, 0, D:2)
  a +0 robe
(1, -23, D:2)
  a +0 club
(24, -30, D:2)
  a +0 club
(32, -15, D:2)
  a cursed -3 club

Level 3 of the Dungeon
(0, 0, D:3)
  a +0 club
(2, 0, D:3)
  a +0 club
(3, -4, D:3)
  a +0 ring mail
(10, -36, D:3)
  a +0 robe
(10, -29, D:3)
  a +0 club
(11, -29, D:3)
  a cursed -3 club
  a +0 leather armour
(12, 0, D:3)
  a cursed -1 trident
(16, -23, D:3)
  a +0 hand axe
  a +0 whip
(16, -22, D:3)
  a +0 short sword
  a +0 dagger
  a +0 robe
  a +0 dagger
(20, -33, D:3)
  a +0 helmet
(34, -27, D:3)
  a cursed -3 club

Level 4 of the Dungeon
(1, -28, D:4)
  a +0 leather armour
(8, -17, D:4)
  a cursed +0 giant spiked club
(10, -30, D:4)
  a +0 mace
  a +0 whip
  a +0 dagger
  a +0 robe
  a +0 dagger
  a +0 robe
(11, 0, D:4)
  a +0 leather armour
(13, 3, D:4)
  a +0 giant club
(14, -2, D:4)
  a +0 club
(19, 0, D:4)
  a +0 club
(28, -2, D:4)
  a +0 flail
(29, -2, D:4)
  a +0 halberd
(31, -2, D:4)
  a +0 spear
(34, -22, D:4)
  a +0 hand axe
  a cursed +0 ring mail
  a +0 hand axe
(35, -22, D:4)
  a +0 flail
(47, -20, D:4)
  a +0 leather armour
(62, -27, D:4)
  a +0 chain mail

Level 5 of the Dungeon
(0, 0, D:5)
  7 javelins
(7, -9, D:5)
  an adder skeleton
(8, -23, D:5)
  19 stones

