Jiag

Level 1 of the Dungeon
(1, 10, D:1)
  a +0 leather armour
(6, 20, D:1)
  a +0 whip
(9, -33, D:1)
  a +0 dagger
(9, 8, D:1)
  a +0 club
(13, -24, D:1)
  a +0 hunting sling
(21, -21, D:1)
  a +0 dagger
(25, 6, D:1)
  a +0 helmet
(30, 6, D:1)
  a +0 robe

Level 2 of the Dungeon
(0, 0, D:2)
  a +0 club
(13, 2, D:2)
  a +0 scale mail
(15, -33, D:2)
  a +0 leather armour

Level 3 of the Dungeon
(0, 0, D:3)
  a +0 club
  a +0 leather armour
(0, 1, D:3)
  a +0 robe
(1, 5, D:3)
  a +0 dagger
  a +0 robe
(2, 4, D:3)
  a +0 short sword
  an orc skeleton
(3, -16, D:3)
  a goblin skeleton
(3, 5, D:3)
  a +0 hand axe
  a +0 club
  a +0 ring mail
  a +0 leather armour
(23, -13, D:3)
  a +0 plate armour
(27, -16, D:3)
  a potion of haste

