Kafemoh

Level 1 of the Dungeon
(0, 0, D:1)
  a +0 club
(18, -53, D:1)
  a +0 dagger
(18, -51, D:1)
  a +0 club
(20, -18, D:1)
  a +0 mace
(28, -39, D:1)
  a +0 dagger
(29, -19, D:1)
  a +0 club
(34, -46, D:1)
  a cursed +0 buckler
(41, -2, D:1)
  a +0 leather armour

Level 2 of the Dungeon
(0, 0, D:2)
  a +0 buckler
(8, 30, D:2)
  a +0 club
(16, 28, D:2)
  a +0 leather armour
(30, 35, D:2)
  a +0 dagger
  a +0 dagger
(31, -2, D:2)
  a +0 mace
(37, 31, D:2)
  a +0 club
(39, 6, D:2)
  a +0 short sword
(44, 23, D:2)
  a +0 dagger

Level 3 of the Dungeon
(0, 0, D:3)
  a +0 dagger
(0, 1, D:3)
  a +0 spear
(9, 1, D:3)
  a potion of lignification
(11, -14, D:3)
  a +0 flail
  a +0 whip
(13, -32, D:3)
  a +0 hunting sling
(16, -13, D:3)
  a +0 leather armour
(17, -2, D:3)
  a +0 dagger
  a +0 robe
(30, 5, D:3)
  a cursed -1 club
(34, -12, D:3)
  a +0 flail
(34, -11, D:3)
  a +0 club
  (unseen)
(36, -15, D:3)
  a scroll of identify

