Xuify

Level 1 of the Dungeon
(0, 0, D:1)
  a +0 club
(2, 24, D:1)
  a +0 club
(3, 17, D:1)
  a +0 club
(4, 24, D:1)
  a +0 dagger
(5, 18, D:1)
  a +0 dagger
(18, -3, D:1)
  a +0 club
(24, 14, D:1)
  a cursed -2 club
(28, 42, D:1)
  a +0 club
(35, 5, D:1)
  a +0 robe

Level 2 of the Dungeon
(0, 0, D:2)
  4 large rocks
(2, 6, D:2)
  a +0 whip
(4, 5, D:2)
  a +0 robe
(8, 15, D:2)
  a +0 club
(12, -11, D:2)
  a +0 ring mail
(16, 11, D:2)
  a +0 ring mail
(24, -13, D:2)
  a +0 flail
  (unseen)
(25, -13, D:2)
  2 stones
(25, -12, D:2)
  a +0 short sword (still there?)
  a +0 club (still there?)
(27, -12, D:2)
  2 stones
(27, -7, D:2)
  a scroll of teleportation
(28, -11, D:2)
  3 stones
(30, -7, D:2)
  16 stones

