Vialip Zueff

Level 1 of the Dungeon
(0, 0, D:1)
  a +0 club
(2, 2, D:1)
  a +0 dagger
(6, 21, D:1)
  a +0 club
(20, 16, D:1)
  a +0 club
(25, -17, D:1)
  a +0 club
(40, 13, D:1)
  a cursed -2 club
(44, -4, D:1)
  a +0 whip
(45, -5, D:1)
  a +0 dagger

Level 2 of the Dungeon
(0, 0, D:2)
  a +0 club
(1, -14, D:2)
  a +0 mace
(4, -17, D:2)
  a +0 club
(4, 14, D:2)
  a +0 leather armour
(9, -22, D:2)
  a +0 dagger
(9, -7, D:2)
  a +0 dagger
(10, -29, D:2)
  a +0 leather armour
(13, -5, D:2)
  a +0 robe
(26, -14, D:2)
  a +0 robe
(31, -18, D:2)
  a +0 dagger

Level 3 of the Dungeon
(7, 0, D:3)
  a +0 chain mail
(24, -18, D:3)
  a +0 club
(31, -6, D:3)
  a +0 club
  a +0 ring mail
(32, -24, D:3)
  a +0 dagger
(46, 0, D:3)
  a +0 hand axe
  a +0 ring mail

Level 4 of the Dungeon
(0, 0, D:4)
  a +0 short sword
(9, -2, D:4)
  a +0 giant club
(12, -4, D:4)
  a +0 robe
(12, 6, D:4)
  a +0 dagger
  a +0 robe
(21, -3, D:4)
  a +0 hand axe
(36, 28, D:4)
  a +0 short sword
  a +0 short sword
  a +0 scale mail
  a cursed +0 dagger
  a +0 leather armour
(37, -5, D:4)
  a +0 leather armour
(43, 27, D:4)
  a +0 club
  a +0 hand axe

Level 5 of the Dungeon
(0, 0, D:5)
  a cursed -2 whip
(0, 1, D:5)
  a +0 spear
(2, 0, D:5)
  a +0 spear
(7, -6, D:5)
  a +0 scale mail
(17, 8, D:5)
  a +0 dagger
(39, -2, D:5)
  a +0 scale mail
  a +0 dagger
  a +0 robe
  a +0 mace
(41, 21, D:5)
  a +0 spear

Level 6 of the Dungeon
[Shop] Efeun's Armour Shoppe
  a +0 leather armour (24 gold)
  a +1 scale mail of cold resistance (192 gold)
  a +0 ring mail (48 gold)
  a +0 robe (8 gold)
  the +7 plate armour of the Lich-sworn {rN+ MR+} (897 gold)
    It protects you from negative energy.
    It affects your resistance to hostile enchantments.
  a +0 robe (8 gold)
  a +0 ring mail (48 gold)
  a +2 leather armour of poison resistance (192 gold)
  the +2 robe of the Comet {+Inv rC+ Regen+} (380 gold)
    It protects you from cold.
    It lets you turn invisible.
    It increases your rate of regeneration.
  a +1 robe of magic resistance (152 gold)
(0, 0, D:6)
  a +0 ring mail
(6, 5, D:6)
  a +0 flail
(13, -16, D:6)
  a +0 plate armour
(19, -4, D:6)
  a +0 club
(35, -1, D:6)
  a +0 spear
(49, 12, D:6)
  a +0 trident
  a +0 leather armour
(51, 10, D:6)
  a +0 robe

Level 7 of the Dungeon
(0, 0, D:7)
  a +0 robe
(0, 1, D:7)
  a +0 long sword
  a cursed +0 robe
(1, 1, D:7)
  a +0 spear
  a +0 robe
(7, -1, D:7)
  a +0 club
  a +0 ring mail
(10, -19, D:7)
  a +0 dagger
  a +0 robe
(14, -14, D:7)
  a +0 flail
  a +0 leather armour
(18, 0, D:7)
  a scroll of random uselessness
(21, -43, D:7)
  a +0 ring mail
(27, 13, D:7)
  a +0 giant spiked club
(33, -29, D:7)
  a +0 dagger
  a +0 leather armour
  a +0 dagger
  a +0 scale mail
  a +0 leather armour
(35, -20, D:7)
  a scroll of identify
(36, 2, D:7)
  a +0 giant club

Level 8 of the Dungeon
(0, 0, D:8)
  a +0 flail
  a +0 war axe
  a +0 flail
  a +0 mace
  a wand of enslavement (17/24)
  a +0 short sword
  a +0 shield
  a +0 war axe
  a +0 spear
  an uncursed amulet of harm
  a potion of lignification
  a +1 scale mail
  a +0 club
(8, -4, D:8)
  a +0 club
(12, -2, D:8)
  a +0 dagger
  a +0 blowgun
(14, -2, D:8)
  a +0 dagger
(16, -1, D:8)
  a +0 club
  a +0 ring mail
(17, -1, D:8)
  a +0 halberd
  a +0 plate armour
(18, -1, D:8)
  a +0 mace
  a +0 leather armour
(54, 2, D:8)
  a +0 shortbow

Level 9 of the Dungeon
(0, 0, D:9)
  a +0 flail
(11, -22, D:9)
  a +0 war axe
  a +0 rapier
  a +0 halberd
  a +0 hunting sling
(26, -4, D:9)
  a +0 dagger
  a +0 leather armour
(26, -3, D:9)
  a +0 chain mail
(27, -10, D:9)
  a +0 hand axe
(27, -3, D:9)
  a +0 troll leather armour
(27, -2, D:9)
  a +0 halberd
  a +0 plate armour
(28, -6, D:9)
  a +0 hand axe
(30, -9, D:9)
  a +0 mace
(33, 21, D:9)
  a +0 dagger
  a +0 robe
(34, 20, D:9)
  a +0 whip
(34, 22, D:9)
  a +0 giant club
(35, 21, D:9)
  a +0 ring mail
(36, -20, D:9)
  a +0 leather armour
(39, 28, D:9)
  a +0 robe
(43, -7, D:9)
  a +2 buckler of reflection

Level 10 of the Dungeon
(0, 0, D:10)
  a +0 dagger
  a +0 robe
(0, 1, D:10)
  a +0 ring mail
(1, 0, D:10)
  a +0 dagger
  a +0 robe
  a +0 glaive
  a +0 plate armour
  a +0 club
(1, 5, D:10)
  a +0 robe
(17, -14, D:10)
  a +0 leather armour
(23, -1, D:10)
  a +0 quarterstaff

Level 1 of the Lair of Beasts
(16, -26, Lair:1)
  a scroll of noise
(35, -7, Lair:1)
  a +0 robe

Level 2 of the Lair of Beasts
(0, 0, Lair:2)
  a scroll of random uselessness
(3, 7, Lair:2)
  a wand of random effects (17/48)
  a scroll of amnesia
  an uncursed amulet of rage
  40 bolts
  a wand of random effects (25/48)
  a +0 plate armour
  a +0 dagger of speed
  a +0 falchion
(15, -5, Lair:2)
  a +0 blowgun
(19, -21, Lair:2)
  4 chunks of flesh
(19, -13, Lair:2)
  16 poisoned needles
(23, -17, Lair:2)
  a crocodile skeleton
(33, 10, Lair:2)
  a +0 robe
(37, 8, Lair:2)
  a +0 spear

