Osiunnoss

Level 1 of the Dungeon
(0, 0, D:1)
  a +0 club
(15, -34, D:1)
  a +0 club
(18, -24, D:1)
  a +0 club
(22, -29, D:1)
  a +0 whip
(24, -32, D:1)
  a +0 club
(33, -9, D:1)
  a +0 leather armour

Level 2 of the Dungeon
(0, 0, D:2)
  a +0 dagger
(1, 8, D:2)
  a +0 robe

Level 4 of the Dungeon
[Shop] Jucsaryx's Food Shop
  a meat ration (70 gold)
  a slice of pizza (21 gold)
  a beef jerky (21 gold)
  a royal jelly (28 gold)
  a meat ration (70 gold)
  a bread ration (70 gold)
(10, -44, D:4)
  a stone
(14, -42, D:4)
  a stone
(16, -42, D:4)
  a stone
(16, -40, D:4)
  2 stones
(17, -43, D:4)
  a stone
(17, -39, D:4)
  a +0 dagger
  (unseen)
(17, -21, D:4)
  8 gold pieces
(18, -39, D:4)
  a +2 flail of holy wrath
  (unseen)
(19, -44, D:4)
  a stone
(23, -43, D:4)
  a stone
(23, -42, D:4)
  a stone
(24, -42, D:4)
  3 stones
(29, -38, D:4)
  2 stones
(29, -37, D:4)
  a stone
(31, -34, D:4)
  a stone
(35, -30, D:4)
  a +0 club
(36, -24, D:4)
  a leopard gecko skeleton
(45, -31, D:4)
  a bread ration

