Luxigywoe

Level 1 of the Dungeon
(0, 0, D:1)
  a +0 ring mail
(0, 6, D:1)
  a +0 ring mail
(6, 31, D:1)
  a +0 club
(10, 7, D:1)
  a +0 club
(11, 13, D:1)
  a +0 dagger
(25, 20, D:1)
  a +0 ring mail
(33, 33, D:1)
  a +0 leather armour
(35, 15, D:1)
  a +0 scale mail
(57, 37, D:1)
  a +0 ring mail
(60, 16, D:1)
  a +0 leather armour

Level 2 of the Dungeon
(3, 44, D:2)
  a +0 club
(13, 28, D:2)
  a +0 club
(15, 13, D:2)
  a +0 club
(27, 5, D:2)
  a +0 scale mail
(33, 36, D:2)
  a +0 robe
(36, 7, D:2)
  a +0 dagger
(36, 26, D:2)
  a +0 dagger
(38, 1, D:2)
  a +0 club
(39, 5, D:2)
  a +0 dagger
(57, 12, D:2)
  a +0 hand axe

Level 3 of the Dungeon
(0, 0, D:3)
  a +0 robe
(4, -7, D:3)
  a +0 falchion
  a +0 ring mail
  a +0 dagger
  a +0 robe
(4, -6, D:3)
  a +0 short sword
  a +0 dagger
(5, -7, D:3)
  a +0 flail
  a +0 leather armour
(5, -6, D:3)
  a +0 spear
(13, 6, D:3)
  a +0 club
(35, -21, D:3)
  a +0 flail
(50, -16, D:3)
  a +0 dagger
(51, 9, D:3)
  a +0 club
(58, -11, D:3)
  a +0 scale mail

Level 4 of the Dungeon
(0, 0, D:4)
  a +0 flail
  a +0 robe
(2, 1, D:4)
  a cursed +0 spear
  a +0 robe
(3, 1, D:4)
  a +0 halberd
  a +0 robe
(4, 1, D:4)
  a +0 robe
(7, -2, D:4)
  a +0 robe
(8, -5, D:4)
  a +0 ring mail
(26, 6, D:4)
  a +0 hand axe (still there?)
  a cursed +0 ring mail (still there?)
(26, 7, D:4)
  a +0 short sword (still there?)
  a +0 hand axe (still there?)

