Itum

Level 1 of the Dungeon
(0, 0, D:1)
  a +0 dagger
(1, -5, D:1)
  a +0 dagger
(4, 4, D:1)
  a +0 robe
(5, -14, D:1)
  a +0 ring mail
(33, 5, D:1)
  a +0 club
(34, 5, D:1)
  a +0 club
(35, -15, D:1)
  a +0 leather armour
(36, -27, D:1)
  a +0 scale mail
(39, 10, D:1)
  a +0 robe
(45, 9, D:1)
  a +0 scale mail
(51, 7, D:1)
  a +0 ring mail

Level 2 of the Dungeon
(0, 0, D:2)
  13 gold pieces
(8, -23, D:2)
  a cursed -3 club
(9, -24, D:2)
  a +0 ring mail
(11, -19, D:2)
  a hobgoblin skeleton
(27, -36, D:2)
  a goblin corpse
(28, -36, D:2)
  a +0 dagger
  a +0 hunting sling
  12 stones
  a +0 club
(29, -36, D:2)
  a stone
(30, -36, D:2)
  a stone
  a +0 club
(31, -35, D:2)
  3 chunks of flesh
(38, -34, D:2)
  2 potions of mutation

