Cyizxa

Level 1 of the Dungeon
(0, 0, D:1)
  a +0 mace
(3, 0, D:1)
  a +0 mace
(5, -43, D:1)
  a +0 club
(11, -6, D:1)
  a +0 club
(26, 11, D:1)
  a +0 club
(36, -40, D:1)
  a +0 whip

Level 2 of the Dungeon
(13, 13, D:2)
  a +0 club
(28, 11, D:2)
  a +0 club
(34, 20, D:2)
  a +0 club
(35, 33, D:2)
  a +0 club
(42, 26, D:2)
  a +0 dagger
(46, 26, D:2)
  a +0 club

Level 3 of the Dungeon
(0, 0, D:3)
  a +0 leather armour
(13, -30, D:3)
  a +0 club
(16, 1, D:3)
  a +0 dagger
(24, -34, D:3)
  a +0 dagger
  a cursed +0 ring mail
(25, 11, D:3)
  11 gold pieces
(32, 11, D:3)
  a +0 club
  a hobgoblin corpse
(38, -28, D:3)
  a +0 robe

