Rohatan

Level 1 of the Dungeon
(0, 0, D:1)
  a +0 ring mail
(4, 23, D:1)
  a +0 club
(5, 22, D:1)
  a +0 club
(10, -2, D:1)
  a +0 club
(10, 25, D:1)
  a +0 dagger
(12, -11, D:1)
  a +0 club
(13, -3, D:1)
  a +0 short sword
(15, -6, D:1)
  a +0 hand axe
(28, -12, D:1)
  a +0 dagger
(34, 2, D:1)
  a +0 ring mail
(37, 11, D:1)
  a +0 club
(39, 26, D:1)
  a cursed +0 robe

Level 2 of the Dungeon
(7, 24, D:2)
  a +0 club
(16, 0, D:2)
  a +0 club
(18, -1, D:2)
  a +0 dagger
  a +0 club
(21, -1, D:2)
  a +0 ring mail
  a +0 club
(24, 4, D:2)
  a +0 dagger
(25, 3, D:2)
  a +0 club
  a +2 vampiric dagger
  a +0 animal skin
  a +2 helmet
  a cursed +0 club
(25, 39, D:2)
  a +0 club
(26, 1, D:2)
  a +0 club
  a +0 club
(27, 0, D:2)
  a +0 club
(27, 28, D:2)
  a +0 scale mail
(38, 34, D:2)
  a +0 whip
(39, 33, D:2)
  a +0 spear
(39, 34, D:2)
  a +0 spear
(60, 40, D:2)
  a +0 ring mail

Level 3 of the Dungeon
(0, 0, D:3)
  a +3 quarterstaff of chaos
(1, 16, D:3)
  a +0 dagger
(2, -1, D:3)
  a cursed -2 mace
(13, 27, D:3)
  a +0 dagger
(18, 4, D:3)
  a +0 robe
(23, 15, D:3)
  a +0 robe
(30, 5, D:3)
  a cursed ring of teleportation
(31, 16, D:3)
  a +0 dagger
(41, 26, D:3)
  a cursed +0 club

Level 4 of the Dungeon
(0, 0, D:4)
  an uncursed ring of protection from fire

Level 6 of the Dungeon
(1, 1, D:6)
  a +1 hand axe of chopping
(6, -3, D:6)
  a +0 club
(8, -6, D:6)
  a +0 chain mail
(9, -6, D:6)
  a +0 chain mail
  a cursed -3 club
(10, -7, D:6)
  a cursed +0 ring mail
(14, -10, D:6)
  a +0 spear
(18, -37, D:6)
  a +0 scale mail
(19, -43, D:6)
  a +0 club
(19, 6, D:6)
  a +0 giant club
(20, -43, D:6)
  a +0 hand axe
(23, -33, D:6)
  a +0 robe
(26, -15, D:6)
  a wand of random effects (32/48)
(30, -39, D:6)
  2 scrolls of random uselessness
(34, -32, D:6)
  a +0 dagger
(39, -10, D:6)
  a +0 leather armour
(41, -9, D:6)
  a +0 ring mail

Level 7 of the Dungeon
(0, 0, D:7)
  a cursed +0 shortbow
(10, 5, D:7)
  a +0 leather armour
(15, -2, D:7)
  a +0 flail
  a +0 whip
  a +0 club
(16, -1, D:7)
  a +0 flail
(16, 13, D:7)
  7 poisoned needles
(25, 17, D:7)
  a +0 leather armour
  a +0 hand axe
(27, -10, D:7)
  a +0 hand axe
  (unseen)
(30, -10, D:7)
  2 beef jerkies
(31, -10, D:7)
  7 slices of pizza
(31, -9, D:7)
  2 bread rations
(43, 36, D:7)
  a +0 giant spiked club

the Ecumenical Temple

