Qymut

Level 1 of the Dungeon
(0, 0, D:1)
  a +0 whip
(17, -26, D:1)
  a +0 club
(20, -26, D:1)
  a +0 club
(28, 18, D:1)
  a +0 dagger
(29, 16, D:1)
  a +0 dagger
(37, -26, D:1)
  a +0 club

Level 2 of the Dungeon
(0, 0, D:2)
  a +0 club
(29, -31, D:2)
  a +0 club
(30, -11, D:2)
  a +0 dagger
(31, -20, D:2)
  a +0 club

Level 3 of the Dungeon
(0, 0, D:3)
  a +0 dagger
(4, -1, D:3)
  a +0 hand axe
  a +0 chain mail
(4, 2, D:3)
  a +0 dagger
  a +0 ring mail
(4, 3, D:3)
  a +0 dagger
  a +0 robe
(5, 1, D:3)
  a +0 dagger
(5, 2, D:3)
  a +0 whip
  a +0 leather armour
(7, 2, D:3)
  a +0 mace
(7, 3, D:3)
  a +0 mace
(9, 3, D:3)
  a +0 club
(16, -5, D:3)
  a +0 short sword
(35, 10, D:3)
  a +0 whip
(39, -6, D:3)
  a +0 dagger
  a +0 club
  a +0 club
(41, -6, D:3)
  a +0 dagger
  a +0 club
  a cursed +0 club

Level 4 of the Dungeon
(3, 14, D:4)
  a +0 leather armour
(5, 11, D:4)
  a +0 club
(6, 11, D:4)
  a +0 club
  a +0 spear
  a +0 animal skin
  a +0 helmet
(6, 12, D:4)
  a +0 club
(7, 11, D:4)
  a +0 club
  a +0 club
(8, 9, D:4)
  a +0 hunting sling
  a +0 dagger
(10, 9, D:4)
  a +0 hunting sling
(11, 9, D:4)
  a +0 club
(19, 25, D:4)
  a +0 club
  a throwing net
  a gnoll corpse
(20, 25, D:4)
  a +0 club
(21, 13, D:4)
  a quokka skeleton
(22, 7, D:4)
  a scroll of recharging
(23, 12, D:4)
  a hound skeleton

