Cynur

Level 1 of the Dungeon
(0, 0, D:1)
  a +0 club
(19, 6, D:1)
  a +0 club
(32, -17, D:1)
  a +0 club
(40, 9, D:1)
  a +0 club

Level 2 of the Dungeon
(0, 0, D:2)
  a +0 club
(24, -28, D:2)
  a +0 club
(27, -28, D:2)
  a +0 robe
(28, -6, D:2)
  a +0 dagger
(33, -26, D:2)
  a +0 club

Level 3 of the Dungeon
(0, 0, D:3)
  a +0 club
  a +0 club
(7, -1, D:3)
  a +0 leather armour
(7, 6, D:3)
  a +0 club
(8, 24, D:3)
  a +0 club
(12, 37, D:3)
  a +0 mace
(20, 36, D:3)
  a +0 flail
  a +0 ring mail
(21, -4, D:3)
  a +0 club
(28, 48, D:3)
  a +0 whip
(33, 38, D:3)
  a +0 robe
(38, 13, D:3)
  a +0 club
(44, 30, D:3)
  a +0 club
(44, 42, D:3)
  a +0 dagger

Level 4 of the Dungeon
(2, 26, D:4)
  a +0 dagger
(15, 10, D:4)
  a +0 scale mail
(16, 9, D:4)
  a +0 leather armour
  a +0 dagger
  a +0 robe
  a +0 mace
(18, -6, D:4)
  a +0 giant spiked club
(18, -3, D:4)
  a +0 dagger
(20, 31, D:4)
  a +0 dagger
(42, 34, D:4)
  a +0 robe

Level 5 of the Dungeon
(0, 0, D:5)
  a +1 ring mail
  a +0 short sword
  a +0 whip
  a +0 spear
  a +0 spear
  a +0 whip
  a +0 dagger
  a +0 dagger
(28, -15, D:5)
  a +0 leather armour
(49, -37, D:5)
  a +0 robe

Level 6 of the Dungeon
(0, 0, D:6)
  a +0 animal skin
(0, 1, D:6)
  a +0 whip of freezing
(12, -23, D:6)
  a +0 flail
  a +0 ring mail
(24, -14, D:6)
  a +0 falchion
(24, -13, D:6)
  a +1 flail of protection
(27, -3, D:6)
  a +0 whip
  a +0 dagger
  a +0 short sword
(28, -23, D:6)
  a +0 helmet
(28, -3, D:6)
  a +0 club
(29, -10, D:6)
  a +0 dagger
(31, -23, D:6)
  a +0 flail
  a +0 leather armour
(32, -23, D:6)
  a +0 club
  a +0 leather armour
(49, -31, D:6)
  a +0 short sword
  a +0 mace
(50, -31, D:6)
  a cursed +0 dagger
  a +0 robe

Level 7 of the Dungeon
(0, 0, D:7)
  a +0 dagger
(1, 0, D:7)
  a +0 whip
  a +0 whip
(1, 1, D:7)
  a +0 whip
  a +0 club
(2, -9, D:7)
  a +0 scale mail
(2, 0, D:7)
  a +0 dagger
(7, 4, D:7)
  a +0 scale mail
(16, 4, D:7)
  7 needles of confusion
(25, 13, D:7)
  a +0 flail
(26, 14, D:7)
  a +0 short sword
  a +0 chain mail
(26, 32, D:7)
  a +0 whip
(28, 14, D:7)
  a +0 short sword
  a +0 leather armour
(34, 10, D:7)
  a +0 long sword
(38, -6, D:7)
  a +0 helmet
(42, 5, D:7)
  a +0 robe
(43, 3, D:7)
  a +0 hand axe
  a +0 hand axe
  a +0 hand axe
  39 sling bullets
  a scroll of fear
  a +0 short sword
  a +0 short sword
  13 tomahawks
  2 scrolls of random uselessness
(44, 12, D:7)
  a +0 leather armour

Level 8 of the Dungeon
(0, 0, D:8)
  a cursed +0 robe
(10, 2, D:8)
  a +0 club
(25, -1, D:8)
  a +0 mace
  3 tomahawks
  a cursed +0 leather armour
  a scroll of random uselessness
(26, -1, D:8)
  a +0 mace
(30, -14, D:8)
  a +0 rapier
(37, -10, D:8)
  a scroll of magic mapping

Level 9 of the Dungeon
(0, 0, D:9)
  a +0 club
(1, -24, D:9)
  a cursed +0 leather armour
(6, -29, D:9)
  a +2 whip of distortion
  a +4 scimitar of flaming
  a +1 helmet
  a +1 vampiric short sword
  a +0 robe
(14, -26, D:9)
  a cursed +0 ring mail
(16, -9, D:9)
  a +0 morningstar

Level 11 of the Dungeon
(0, 0, D:11)
  a meat ration
(1, -10, D:11)
  a +0 dagger
(7, -8, D:11)
  a +0 mace
  a +0 short sword
  a +0 hand axe
  a +0 leather armour
  a +0 dagger
  a +0 mace
  a +0 ring mail
  a +0 leather armour
  a +0 short sword
  a +4 dagger
  a +0 hand axe
  a +0 hand axe
  a +1 chain mail of cold resistance
  a +0 ring mail
  a +0 club
  a +0 short sword
(7, -7, D:11)
  a +1 flail of draining
  a +0 ring mail
(16, 4, D:11)
  a +0 robe
(19, 4, D:11)
  a -2 spear
  a +2 animal skin
  31 gold pieces
(21, 7, D:11)
  a wolf corpse
(22, 5, D:11)
  a cursed +3 dagger
  (unseen)
(22, 6, D:11)
  a wolf corpse
(25, 6, D:11)
  20 stones
(34, -25, D:11)
  a +0 club
  a +0 leather armour
(35, -26, D:11)
  a +0 hand axe
  a +0 dagger
  a +0 ring mail
  a +0 club
  an orc skeleton
(35, -25, D:11)
  a +0 short sword
  a +0 plate armour
(53, -12, D:11)
  a +0 hand axe
  a +0 arbalest
  an uncursed amulet of magic regeneration
  a +0 ring mail
  a +2 robe of the Archmagi
  a +0 war axe
  a +0 hand axe
  the +2 halberd of Infinite Pain {freeze, -Tele rC++ rN+++ Str-4}
    It has been specially enchanted to freeze those struck by it, causing extra
    injury to most foes and up to half again as much damage against particularly
    susceptible opponents. It can also slow down cold-blooded creatures.
    
    It affects your strength (-4).
    It greatly protects you from cold.
    It renders you almost immune to negative energy.
    It prevents most forms of teleportation.
  a +0 pair of gloves
  a +0 hand axe

the Ecumenical Temple

