Kaovuwn

Level 1 of the Dungeon
(0, 0, D:1)
  a +0 club
(1, -3, D:1)
  a +1 helmet
(1, 1, D:1)
  a +0 dagger
(36, 7, D:1)
  a +0 robe
(50, 14, D:1)
  16 gold pieces
  (unseen)
(50, 21, D:1)
  a scroll of noise
(51, 19, D:1)
  a scroll of enchant weapon
(52, 18, D:1)
  10 gold pieces
(52, 19, D:1)
  a +0 shield

Level 2 of the Dungeon
(0, 0, D:2)
  a +2 vampiric dagger
(12, 9, D:2)
  a +0 club

Level 4 of the Dungeon
(0, 0, D:4)
  a +0 club
  a +0 leather armour
  a scroll of amnesia
(1, 0, D:4)
  a jackal skeleton
  a jackal skeleton
  a jackal skeleton
  a jackal skeleton
(21, 12, D:4)
  a quokka skeleton

