Lebu

Level 1 of the Dungeon
(0, 0, D:1)
  a +0 whip
(7, -6, D:1)
  a cursed -1 whip
(9, -27, D:1)
  a +0 dagger
(12, -34, D:1)
  a +0 club
(17, -10, D:1)
  a +0 buckler
(36, -43, D:1)
  a +0 leather armour
(36, -34, D:1)
  a +0 mace
(46, -12, D:1)
  a +0 short sword
(49, -19, D:1)
  a +0 robe

Level 2 of the Dungeon
(0, 0, D:2)
  a +0 leather armour
(1, 5, D:2)
  an uncursed amulet of harm
  a cursed -1 leather armour
  a -2 short sword
(18, -9, D:2)
  a +0 leather armour
(19, -10, D:2)
  a +0 mace
(27, -16, D:2)
  a +0 leather armour
(30, -14, D:2)
  a +0 club
(37, 14, D:2)
  a +0 short sword
(42, 3, D:2)
  a +0 ring mail
(61, -19, D:2)
  a +0 leather armour

Level 3 of the Dungeon
(0, 0, D:3)
  a cursed -2 hand axe
  a +0 scale mail
(0, 1, D:3)
  a +0 club
  a +0 chain mail
(11, -10, D:3)
  a +0 dagger
(17, -10, D:3)
  a +0 leather armour
  a +0 dagger
  a +0 robe
(17, -9, D:3)
  a +0 mace
(20, -20, D:3)
  a +0 hunting sling
(21, -4, D:3)
  a +0 club
(24, -18, D:3)
  a +0 club
(29, 5, D:3)
  a +0 scale mail
(32, -15, D:3)
  a +0 club
(36, -16, D:3)
  a +0 robe
(50, 6, D:3)
  a +0 club
(50, 8, D:3)
  a +0 dagger

Level 4 of the Dungeon
(0, 0, D:4)
  a +0 leather armour
(17, -36, D:4)
  16 gold pieces
(27, -34, D:4)
  a leopard gecko skeleton
(37, -17, D:4)
  a cursed +0 robe
(43, 15, D:4)
  a +0 club
(48, 6, D:4)
  a +0 helmet
(58, -13, D:4)
  a +0 flail
(61, -16, D:4)
  a cursed +0 robe

the Ecumenical Temple

