Sikhlerys

Level 1 of the Dungeon
(0, 0, D:1)
  a +0 club
(8, -17, D:1)
  a +0 club
(14, -11, D:1)
  a +0 leather armour
(19, 1, D:1)
  a cursed -2 hand axe
(27, -1, D:1)
  a +0 ring mail
(31, -44, D:1)
  a +0 club
(37, -47, D:1)
  a +0 spear
(38, -6, D:1)
  a +0 mace
(44, -46, D:1)
  a +0 whip

Level 2 of the Dungeon
(0, 0, D:2)
  a +0 dagger
(0, 2, D:2)
  a +0 club
(19, 7, D:2)
  a +0 dagger
(20, 7, D:2)
  a +0 whip
(30, -21, D:2)
  a +0 robe
(38, -23, D:2)
  a +0 leather armour

Level 3 of the Dungeon
(0, 0, D:3)
  a +0 club
(3, 23, D:3)
  a +0 spear
(4, 25, D:3)
  a +0 club
(12, 13, D:3)
  a +0 club
(14, -12, D:3)
  a +0 club
(16, 13, D:3)
  a +0 dagger
(18, 13, D:3)
  a +0 club
(39, 13, D:3)
  a +0 ring mail
  a +0 mace
(45, 2, D:3)
  a +0 club
(59, -13, D:3)
  a +0 rapier

Level 4 of the Dungeon
(0, 0, D:4)
  a +0 ring mail
(6, -1, D:4)
  a +0 short sword
  a +0 leather armour
(6, 0, D:4)
  a +0 hand axe
(6, 1, D:4)
  a +0 mace
  a +0 scale mail
(7, -1, D:4)
  a +0 flail
(15, 17, D:4)
  a wand of slowing (16/48)
(16, 22, D:4)
  an orc corpse
(21, -13, D:4)
  a +0 hand axe
  a +0 dagger
  a +0 robe
(22, -13, D:4)
  a +0 flail
  a +0 dagger
  a +0 robe

