Fiebrir

Level 1 of the Dungeon
(0, 0, D:1)
  a +0 leather armour
(12, 0, D:1)
  a +0 dagger
(20, 2, D:1)
  a +0 dagger
(21, -26, D:1)
  a +0 scale mail
(30, -48, D:1)
  a cursed -3 club
(38, -15, D:1)
  a +0 dagger
(39, -5, D:1)
  a +0 leather armour
(40, -42, D:1)
  a +0 dagger
(40, -31, D:1)
  a +0 dagger
(47, -8, D:1)
  a +0 club
(59, -7, D:1)
  a +0 club
(59, 1, D:1)
  a +0 dagger

Level 2 of the Dungeon
(0, 0, D:2)
  2 large rocks
(10, 9, D:2)
  a +0 short sword
(11, -10, D:2)
  a +0 robe
(26, 17, D:2)
  a +0 club
(38, 11, D:2)
  a +0 leather armour

Level 3 of the Dungeon
(0, 0, D:3)
  a +0 dagger
(1, 21, D:3)
  a +0 club
(3, 14, D:3)
  a +0 robe
(7, 5, D:3)
  a +0 robe
(18, 31, D:3)
  a +0 short sword
(19, -2, D:3)
  a +0 hunting sling
(41, 14, D:3)
  a +0 dagger

Level 4 of the Dungeon
(0, 0, D:4)
  a scroll of random uselessness
(11, -15, D:4)
  a +0 leather armour
(11, -11, D:4)
  a +0 club
(12, -11, D:4)
  a +0 dagger
  a +0 robe
(13, -2, D:4)
  a +0 whip
(22, -4, D:4)
  a +0 dagger
(25, 7, D:4)
  a +0 hunting sling
(27, 8, D:4)
  a +0 dagger
  a cursed +0 robe
(28, 6, D:4)
  a +0 quarterstaff
(31, 11, D:4)
  a cursed +0 buckler
(31, 13, D:4)
  a cursed ring of teleportation
(43, -9, D:4)
  a +0 spear
(43, 16, D:4)
  a +0 club
(49, -10, D:4)
  a +0 flail
(49, -9, D:4)
  a +0 dagger
  a +0 robe
(50, -8, D:4)
  a +0 spear
  a +0 robe
(50, -7, D:4)
  a +0 trident
(52, 18, D:4)
  a +0 ring mail
(52, 19, D:4)
  a +0 dagger
  a +0 robe
  a +0 robe
(54, -1, D:4)
  a +0 robe
(69, 25, D:4)
  a +0 short sword
  a +0 trident
(69, 26, D:4)
  a +0 hand axe
  a +0 scale mail
  a +0 club
  a +0 dagger
  a +0 robe

Level 5 of the Dungeon
(0, 0, D:5)
  2 potions of degeneration
(5, -2, D:5)
  a +0 shortbow
(15, -13, D:5)
  a +0 whip
  a +0 leather armour
(16, -12, D:5)
  a +0 halberd
(17, -12, D:5)
  a +0 spear
(18, -12, D:5)
  a +0 spear
(24, -6, D:5)
  a +0 robe
(36, -40, D:5)
  a cursed -3 giant club
(38, -44, D:5)
  a +0 leather armour
(40, 2, D:5)
  a +0 helmet
(48, -31, D:5)
  a +0 flail
  a +0 scale mail
  a +0 dagger
  a +0 robe
(49, -30, D:5)
  a +0 giant club
(52, -7, D:5)
  a +0 ring mail

Level 6 of the Dungeon
(9, -19, D:6)
  a +0 shortbow
(9, -18, D:6)
  a +0 leather armour
(15, 23, D:6)
  a cursed +0 giant club
(22, 21, D:6)
  a scroll of amnesia
  a +0 short sword
  16 bolts
  a +0 hunting sling
  a +0 short sword
  a +0 trident
  71 sling bullets
  a +0 ring mail
(26, 23, D:6)
  a +0 ring mail
(29, 14, D:6)
  a +0 club
  a +0 leather armour
(31, 5, D:6)
  a +0 shortbow

Level 7 of the Dungeon
(3, -3, D:7)
  a +0 dagger
  a +0 robe
(14, 23, D:7)
  a +0 chain mail
(17, -33, D:7)
  a +0 trident
(18, -32, D:7)
  a +0 dagger
  a +0 robe
  a +0 whip
  a +0 ring mail
  a +0 whip
  a cursed +0 dagger
  a +0 robe
  a +0 dagger
  a +0 robe
(22, 21, D:7)
  a +0 long sword
  a +0 falchion
  a +0 war axe
  a +0 mace
  a +0 rapier
  a +0 short sword
  a +0 mace
(24, 8, D:7)
  a +0 giant club
(27, 1, D:7)
  18 bolts
(28, -3, D:7)
  a -1 hand axe
(37, -10, D:7)
  a +0 leather armour
(38, -16, D:7)
  an uncursed ring of loudness
(48, -36, D:7)
  a +0 short sword
(48, -26, D:7)
  a +0 ring mail
(52, -37, D:7)
  a +0 hand axe
  a +0 short sword
  a +0 leather armour
  a +0 flail

Level 8 of the Dungeon
(0, 0, D:8)
  10 poisoned needles
(1, -10, D:8)
  a +0 whip
(6, -12, D:8)
  a +0 dagger
  a +0 robe
(6, -11, D:8)
  a +0 mace
  a +0 battleaxe
(13, -14, D:8)
  a beef jerky

the Ecumenical Temple

