Fikiasar

Level 1 of the Dungeon
(0, 0, D:1)
  2 stones
(1, 0, D:1)
  a stone
(2, -8, D:1)
  a slice of pizza
(3, -6, D:1)
  8 gold pieces
(6, -1, D:1)
  a +0 dagger
(11, 3, D:1)
  a +0 club
(23, 17, D:1)
  a +0 club

Level 2 of the Dungeon
(0, 0, D:2)
  a +0 dagger
(6, 10, D:2)
  a cursed +0 dagger
(8, 30, D:2)
  a +0 hunting sling
(29, 1, D:2)
  a +0 spear
(39, 24, D:2)
  a cursed -2 club
  a +0 club
(44, 39, D:2)
  a +0 robe

Level 3 of the Dungeon
(0, 0, D:3)
  a +0 trident
(8, 14, D:3)
  a +0 club
(8, 30, D:3)
  a +0 trident
(15, 3, D:3)
  a +0 flail
  a +0 ring mail
(21, 19, D:3)
  a +0 dagger
  a +0 dagger
  a +0 leather armour
  a +1 dagger of holy wrath
  a +0 leather armour
  a +0 dagger
  a +0 ring mail
  a +0 mace
  a +0 leather armour
  a +0 dagger
  a +0 robe
(22, 10, D:3)
  a +0 morningstar
(22, 20, D:3)
  a +0 trident
(23, 10, D:3)
  a +0 leather armour
(24, 10, D:3)
  a +0 short sword
(25, 10, D:3)
  a +0 dagger
  a +0 robe
(30, 28, D:3)
  a +0 short sword
(37, 16, D:3)
  a cursed ring of loudness
(38, 6, D:3)
  a +4 quarterstaff of chaos

Level 4 of the Dungeon
(0, 0, D:4)
  a +0 mace
  a +0 mace
(53, -51, D:4)
  a +0 short sword
(65, -4, D:4)
  a +0 robe

Level 5 of the Dungeon
(0, 0, D:5)
  a scroll of remove curse
(1, 0, D:5)
  9 gold pieces
(2, -4, D:5)
  a +0 leather armour
(2, -2, D:5)
  a +0 flail
  a +0 leather armour
  a +0 flail
  a +0 ring mail
  an orc corpse
  an adder corpse
(5, 3, D:5)
  an uncursed ring of positive energy
(6, 0, D:5)
  a cursed -3 flail
  (unseen)

the Ecumenical Temple

