Eneotar

Level 1 of the Dungeon
(0, 0, D:1)
  a cursed +0 ring mail

Level 2 of the Dungeon
(4, -9, D:2)
  a +0 dagger
(10, -17, D:2)
  a +0 club
(31, -2, D:2)
  5 needles of frenzy
(33, 6, D:2)
  a potion of degeneration
  a +0 shield
  a +0 short sword
  a +0 short sword
(34, 6, D:2)
  a +0 ring mail

Level 3 of the Dungeon
(7, 0, D:3)
  a +0 whip
(13, 5, D:3)
  a +0 dagger
(18, -14, D:3)
  a +0 dagger
(31, -9, D:3)
  a +0 club
(32, 9, D:3)
  a +0 dagger
  a +0 short sword
  a +0 club
(33, 9, D:3)
  a +0 dagger
  a +0 robe
(37, -2, D:3)
  a +0 scale mail
  a +0 hunting sling
  a +0 trident
  a +0 trident
  a +0 chain mail
(38, -8, D:3)
  a +0 club
(45, 1, D:3)
  a +0 dagger
  a +0 robe
(45, 16, D:3)
  a +0 club
(47, -1, D:3)
  a +0 war axe
(48, -2, D:3)
  a cursed +0 chain mail

