Imual

Level 1 of the Dungeon
(8, 40, D:1)
  a +0 scale mail
(35, 27, D:1)
  a +0 dagger
(48, 14, D:1)
  a +0 club
(49, 11, D:1)
  a +0 club
(50, 7, D:1)
  a +0 ring mail

Level 2 of the Dungeon
(0, 0, D:2)
  a +0 dagger
(11, 39, D:2)
  a +0 whip
(40, 47, D:2)
  a +0 club
(50, -10, D:2)
  a +0 club

Level 3 of the Dungeon
(19, 16, D:3)
  a +0 flail
(20, 13, D:3)
  a +0 ring mail
(28, 37, D:3)
  a +0 club
(29, 10, D:3)
  a +0 mace
(30, 38, D:3)
  a +0 club
(44, -4, D:3)
  a +0 ring mail
(53, 2, D:3)
  a +0 club
(55, 47, D:3)
  a +0 flail
(59, 9, D:3)
  a +0 club
(62, 4, D:3)
  a +2 vampiric short sword

