Rur Ewo

Level 1 of the Dungeon
(0, 0, D:1)
  a cursed +0 ring mail
(10, 0, D:1)
  a cursed -2 club
(23, -7, D:1)
  a +0 club
(40, -5, D:1)
  a +0 whip
(41, -5, D:1)
  a +0 club
(46, 25, D:1)
  a +0 dagger

Level 2 of the Dungeon
(0, 0, D:2)
  a +0 ring mail
(4, -21, D:2)
  a +0 club

Level 3 of the Dungeon
(0, 0, D:3)
  a +0 short sword
(1, -16, D:3)
  a +0 dagger
  a +0 scale mail
(7, 16, D:3)
  a +0 robe
(18, 8, D:3)
  a +0 spear
(26, -3, D:3)
  a +0 mace
(31, 10, D:3)
  a +0 leather armour
(36, 10, D:3)
  a +0 hand axe
(42, 5, D:3)
  a +0 club
(44, -28, D:3)
  a +0 short sword
(44, -4, D:3)
  a +0 club
(46, -26, D:3)
  a +0 scythe
  a +0 robe
(52, -15, D:3)
  a +0 club

Level 4 of the Dungeon
(0, 0, D:4)
  a +0 short sword
(7, 13, D:4)
  17 gold pieces
(8, 10, D:4)
  12 gold pieces

