Salel

Level 1 of the Dungeon
(0, 0, D:1)
  a +0 dagger
(28, -1, D:1)
  a +0 hand axe

Level 2 of the Dungeon
(0, 0, D:2)
  a +0 mace
(5, -1, D:2)
  a +0 club
(5, 0, D:2)
  a +0 animal skin
  a cursed +0 helmet
  a +0 club
  a +0 club
(5, 1, D:2)
  a +0 dagger
  a +0 club
  a +0 club
  a cursed -3 club
  a +0 dagger
  a +0 club
(17, 1, D:2)
  a +0 spear
(20, -27, D:2)
  a +0 robe
(24, 24, D:2)
  a +0 club
(25, -16, D:2)
  a +0 dagger

Level 3 of the Dungeon
(0, 0, D:3)
  a cursed -1 club
(0, 1, D:3)
  a +0 hunting sling
(21, -24, D:3)
  a +0 flail
  a +0 chain mail
(44, 1, D:3)
  a scroll of teleportation

