Vaeph

Level 1 of the Dungeon
(0, 0, D:1)
  a +0 dagger
(2, 11, D:1)
  a +0 ring mail
(3, -5, D:1)
  a +0 whip
(16, -5, D:1)
  a +0 club
(17, -2, D:1)
  a +0 ring mail
(36, -13, D:1)
  a +0 dagger
(45, -17, D:1)
  a +0 club
(47, 20, D:1)
  a +0 club
(48, 9, D:1)
  a +0 helmet
(55, 0, D:1)
  a +0 club

Level 2 of the Dungeon
(0, 0, D:2)
  a +0 mace
(7, 3, D:2)
  a +0 dagger
(9, 3, D:2)
  a +0 whip
(10, -5, D:2)
  a +0 dagger
(16, -29, D:2)
  a +0 club
(16, -19, D:2)
  a cursed +0 club
(17, -17, D:2)
  a +0 short sword
(19, -7, D:2)
  a +0 dagger
(30, -20, D:2)
  a +0 club
(31, -25, D:2)
  a +0 short sword
  a +0 buckler
(37, -27, D:2)
  a +0 club
(41, -27, D:2)
  a +0 dagger

Level 3 of the Dungeon
(0, 0, D:3)
  a +0 leather armour
(1, -12, D:3)
  a +0 hunting sling
(4, -10, D:3)
  a +0 dagger
(4, -3, D:3)
  a +0 hunting sling
(5, -4, D:3)
  a +0 hunting sling
(8, -12, D:3)
  a +0 club
(8, -5, D:3)
  a +0 club
(9, -11, D:3)
  a +0 animal skin
  a +0 helmet
  a +0 club
(10, -11, D:3)
  a +0 club
(11, -11, D:3)
  a +0 dagger
(11, -10, D:3)
  a +0 club
  a +0 hunting sling
(14, -5, D:3)
  a potion of degeneration
(18, -6, D:3)
  a +0 whip
  a kobold corpse (skeletalised by now)
(28, -1, D:3)
  a +0 club
(28, 10, D:3)
  a +0 short sword
(37, 15, D:3)
  a +0 dagger
(46, 24, D:3)
  a +0 club
(55, 13, D:3)
  a +0 hunting sling
  a cursed -2 short sword
(58, 33, D:3)
  a +0 club

Level 4 of the Dungeon
(0, 0, D:4)
  a meat ration

