Cocun

Level 1 of the Dungeon
(0, 0, D:1)
  a +0 whip
(1, -30, D:1)
  a +0 dagger
(2, -26, D:1)
  a +0 club
(7, -31, D:1)
  a +0 club
(10, 1, D:1)
  a cursed +0 club
(21, -12, D:1)
  a +0 club
(45, -26, D:1)
  a +0 club
(48, -27, D:1)
  a +0 robe

Level 2 of the Dungeon
(0, 0, D:2)
  a +0 club
(1, 14, D:2)
  a +0 dagger
(9, 15, D:2)
  a +0 club
(12, 11, D:2)
  a +0 spear
(12, 12, D:2)
  a +0 leather armour
(19, 37, D:2)
  a cursed +0 club
(20, 25, D:2)
  a +0 dagger
(23, 6, D:2)
  a +0 club
(25, 7, D:2)
  a +0 mace
(27, 36, D:2)
  a +0 club
(28, 37, D:2)
  a +0 dagger
  a cursed +0 robe
(46, 3, D:2)
  a +0 dagger
(46, 37, D:2)
  a +0 club
(47, 41, D:2)
  a +0 dagger
(54, 19, D:2)
  a potion of lignification

Level 3 of the Dungeon
(0, 0, D:3)
  a scroll of remove curse
(1, 5, D:3)
  2 tomahawks
(2, 6, D:3)
  a stone
(5, 7, D:3)
  24 arrows
(6, 13, D:3)
  a +0 mace
(9, 2, D:3)
  a potion of flight

