Tiupiu

Level 1 of the Dungeon
(7, 9, D:1)
  a +0 dagger
(17, -4, D:1)
  a +0 short sword
(19, -16, D:1)
  a +0 dagger
(20, 11, D:1)
  a +0 whip
(27, -21, D:1)
  a +0 dagger
(39, -15, D:1)
  a +0 club
(46, 9, D:1)
  a +0 club

Level 2 of the Dungeon
(0, 0, D:2)
  a cursed +0 dagger
(2, -35, D:2)
  a +0 mace
(3, -49, D:2)
  a scroll of random uselessness
(15, -3, D:2)
  a +0 club
(21, -46, D:2)
  a +0 quarterstaff
(29, -5, D:2)
  a +0 ring mail
(37, -39, D:2)
  a cursed -2 club
(40, -38, D:2)
  a +0 club

Level 3 of the Dungeon
(0, 0, D:3)
  a +0 club
(4, -11, D:3)
  a +0 short sword
(7, -33, D:3)
  a +0 scale mail
(15, -8, D:3)
  a +0 robe
(16, -54, D:3)
  a +0 short sword
(27, -46, D:3)
  a +0 scale mail
(34, -46, D:3)
  a +0 hunting sling
(44, -16, D:3)
  a cursed +0 club
(71, -59, D:3)
  a +0 dagger
  a +0 dagger
(71, -58, D:3)
  a cursed -2 giant club
  a +0 club
  a +0 dagger
  a +0 dagger
  a +0 club

Level 4 of the Dungeon
[Shop] Bexas's Assorted Antiques
  a scroll of blinking (202 gold)
  a +0 whip (67 gold)
  a scroll of enchant weapon (202 gold)
  a +0 mace (81 gold)
  a scroll of fear (94 gold)
  a potion of curing (81 gold)
  a potion of ambrosia (216 gold)
  a +5 scimitar of holy wrath (923 gold)
  a +0 leather armour (54 gold)
  a +0 dagger (54 gold)
  a scroll of identify (54 gold)
  a cursed -3 club (2 gold)
  a lamp of fire (1080 gold)
(0, 0, D:4)
  a potion of flight
(3, -23, D:4)
  a +0 dagger
(8, 2, D:4)
  a +0 short sword
  a +0 leather armour
  a +0 club
  a +0 mace
(12, -18, D:4)
  an uncursed ring of teleportation

Level 6 of the Dungeon
(0, 0, D:6)
  a +0 chain mail
(0, 35, D:6)
  9 gold pieces
(1, 1, D:6)
  a +0 hand axe
  a +0 ring mail
(8, 23, D:6)
  a +0 mace
(10, 8, D:6)
  a scroll of fear
(10, 19, D:6)
  a +0 battleaxe
  a +0 robe
(12, -2, D:6)
  a cursed +0 robe
(12, -1, D:6)
  a +0 robe
  a +0 robe
  a +0 robe
  a +0 robe
(15, 21, D:6)
  a bread ration
(29, 11, D:6)
  a scroll of noise

Level 7 of the Dungeon
(3, -2, D:7)
  a cursed -3 giant club
(18, -13, D:7)
  a +0 leather armour
(24, 2, D:7)
  a +0 whip of freezing
  a +0 robe
(25, 3, D:7)
  a +0 giant club
(26, 6, D:7)
  a cursed +0 hand axe
  a +0 club
  a +0 chain mail
  a +0 scale mail
  a +0 leather armour
(26, 7, D:7)
  a +0 club
(31, 24, D:7)
  a +0 leather armour
(38, -16, D:7)
  a +0 war axe
  a +0 leather armour
  a +0 giant club
  a +0 leather armour
  a +0 dagger
  a +0 robe
(47, 13, D:7)
  a +0 robe
  a +1 dagger of speed
(48, 14, D:7)
  a +0 robe
  a +0 dagger
  a +0 hand axe
  a cursed +0 robe
  a +0 dagger
(49, 29, D:7)
  a +1 short sword
(50, 13, D:7)
  a +0 scale mail
  a cursed -2 flail
(57, -14, D:7)
  a +0 leather armour
(59, -3, D:7)
  a +0 ring mail
  a +0 flail
  a +0 flail
  a +0 robe
  a +0 dagger

Level 8 of the Dungeon
(0, 0, D:8)
  a scroll of amnesia
(7, 1, D:8)
  a +0 hand axe
  a +0 animal skin
(15, 33, D:8)
  a +0 club
  a +0 ring mail
(18, 17, D:8)
  a scroll of noise
(23, 35, D:8)
  a +0 scale mail
(29, 20, D:8)
  a +2 shield
(29, 27, D:8)
  a +0 plate armour
(45, 27, D:8)
  a +0 dagger
(47, 27, D:8)
  a +0 dagger
  a +0 robe
  a +0 whip
  a +0 leather armour

Level 9 of the Dungeon
(7, -2, D:9)
  a bullfrog corpse
(9, -1, D:9)
  3 inedible chunks of flesh
(11, -2, D:9)
  a +0 dagger
(17, -1, D:9)
  a +4 vampiric short sword
  a hornet corpse
(25, 0, D:9)
  a +0 troll leather armour
(27, 3, D:9)
  6 curare-tipped needles
  a cursed ring of loudness
  a +0 hunting sling
  an uncursed ring of ice
  62 bolts
  a +0 hunting sling
  a +0 hand axe
(37, -1, D:9)
  a cursed +0 dagger

