Osisee

Level 1 of the Dungeon
(0, 0, D:1)
  a cursed -2 club
(1, -10, D:1)
  a +0 whip
(16, -35, D:1)
  a +0 club
(21, -4, D:1)
  a +0 robe
(22, -27, D:1)
  a +0 club
(23, 4, D:1)
  a cursed +0 club
(28, 2, D:1)
  a +0 leather armour
(44, -17, D:1)
  a +0 dagger
(46, -49, D:1)
  a +0 club
(46, 0, D:1)
  a +0 club
(55, 1, D:1)
  a +0 club
(55, 5, D:1)
  a +0 hand axe
(56, 1, D:1)
  a +0 dagger
(61, 5, D:1)
  a +0 dagger

Level 2 of the Dungeon
(1, -50, D:2)
  a +0 club
(3, -31, D:2)
  a +0 robe
(3, -16, D:2)
  a +0 dagger
(3, -8, D:2)
  a +0 hand axe
(5, -32, D:2)
  a +0 ring mail
(7, -40, D:2)
  a +0 robe
(20, -44, D:2)
  a +0 club
(20, -40, D:2)
  a +0 dagger
(22, -46, D:2)
  a +0 club
(29, -50, D:2)
  a +0 dagger
(30, -51, D:2)
  a cursed +0 dagger
(35, -25, D:2)
  a +0 club
(36, -23, D:2)
  10 poisoned needles

Level 3 of the Dungeon
(0, 0, D:3)
  a +0 robe
(11, 9, D:3)
  a +0 club
  a +0 hunting sling
(16, 10, D:3)
  a +0 club
(20, 31, D:3)
  a +0 dagger
(22, 15, D:3)
  a +0 hand axe
  a +0 ring mail
  a +0 ring mail
  a +0 club
  a +0 leather armour
(22, 16, D:3)
  a +0 flail
(25, 2, D:3)
  a +0 dagger
(28, -1, D:3)
  a +0 flail
(28, 0, D:3)
  a +0 leather armour
(30, 1, D:3)
  a +0 trident
(35, 34, D:3)
  a +0 hand axe
  a +0 leather armour
  a +0 club
  a +0 club
  a +0 hand axe
  a +0 leather armour
  a +0 leather armour
  a +0 flail
  a +0 dagger
  a +0 robe
  a +0 flail
  a +0 ring mail
(35, 35, D:3)
  a +0 scale mail
(42, 12, D:3)
  a +0 whip
(42, 16, D:3)
  a +0 club
(49, 31, D:3)
  a +0 dagger
(51, 20, D:3)
  a +0 club
  a +0 flail

Level 4 of the Dungeon
(0, 0, D:4)
  a +0 mace
(14, 15, D:4)
  a +0 whip
(23, 24, D:4)
  a +0 giant club
(24, 24, D:4)
  a +0 club
(30, 26, D:4)
  a +0 ring mail
(34, -12, D:4)
  a +0 leather armour
(47, 2, D:4)
  a +0 scale mail

Level 5 of the Dungeon
(0, 0, D:5)
  a +0 scale mail
(4, 1, D:5)
  a +0 dagger
(35, -10, D:5)
  a +0 scale mail
  a +0 robe
  a +0 dagger

Level 6 of the Dungeon
(0, 0, D:6)
  a +0 club
  a +0 leather armour
(4, 3, D:6)
  a +0 flail
  a +0 leather armour
(6, -16, D:6)
  a +0 short sword
  a +0 leather armour
  a +0 pair of gloves
  a +0 dagger
  a +0 spear
  a potion of lignification
  a +0 short sword
  a +0 falchion
  a +0 short sword
  a +0 trident
  a +0 scale mail
(12, 1, D:6)
  a +0 halberd
(27, 26, D:6)
  a +0 mace
(28, 26, D:6)
  a +0 mace
(28, 27, D:6)
  a +2 quarterstaff of chaos
  a +0 cloak
(32, -5, D:6)
  a +0 short sword
  a +0 leather armour
  a +0 dagger
  a +0 robe
  a +0 hand axe of chopping
  a +0 dagger
  a cursed +0 robe
  a +0 club
  a +0 leather armour
(33, 25, D:6)
  a +0 mace
(39, 28, D:6)
  a +0 mace
(42, 9, D:6)
  a +0 ring mail

Level 7 of the Dungeon
(0, 0, D:7)
  a +0 hand axe
  a +0 animal skin
(3, 27, D:7)
  a +0 quarterstaff
(19, 14, D:7)
  a +0 hand axe
(20, 13, D:7)
  a +0 shortbow
(23, 32, D:7)
  a +0 chain mail
(24, 32, D:7)
  a +0 flail
(27, 19, D:7)
  a +0 club
(27, 32, D:7)
  a cursed +0 dagger
  a cursed +0 robe
(28, 1, D:7)
  a +0 dire flail
  a +0 plate armour
(29, 2, D:7)
  a +2 whip of electrocution
  a +0 leather armour
  a +0 leather armour
(29, 16, D:7)
  a +0 dagger

Level 8 of the Dungeon
(0, 0, D:8)
  a +0 short sword
  a +0 trident
  a +0 plate armour
(2, 2, D:8)
  a +0 dagger
  a +0 robe
(8, 20, D:8)
  a +0 hand axe
(16, -5, D:8)
  a +0 whip
(20, -5, D:8)
  a +0 shortbow
(21, 25, D:8)
  a +0 club
(22, 29, D:8)
  a +0 club
(23, 25, D:8)
  a +0 chain mail
  a +0 long sword
  a cursed +0 scale mail
(24, 14, D:8)
  a +0 trident
(24, 24, D:8)
  a +0 leather armour
(24, 31, D:8)
  a +5 vampiric long sword
(30, 24, D:8)
  a cursed -3 flail
  a +0 ring mail
(33, 24, D:8)
  a +0 whip
  a +0 ring mail
(34, 24, D:8)
  a +0 mace
(36, 24, D:8)
  a +0 leather armour
  a +0 hand axe
  a +0 ring mail
(40, 1, D:8)
  a +0 club
  a +0 dagger
  a +0 short sword
(42, 1, D:8)
  a +0 leather armour

Level 9 of the Dungeon
(0, 0, D:9)
  a royal jelly
(1, -2, D:9)
  a royal jelly
(1, 0, D:9)
  a royal jelly
(2, -1, D:9)
  a royal jelly
(3, -1, D:9)
  a royal jelly
(3, 0, D:9)
  a royal jelly
(3, 1, D:9)
  a royal jelly
(4, -2, D:9)
  a royal jelly
(4, -1, D:9)
  3 royal jellies
(5, 0, D:9)
  a royal jelly
(10, 6, D:9)
  a +0 flail
(22, -20, D:9)
  a +0 shortbow
(23, -18, D:9)
  a +0 club
(30, -17, D:9)
  a tomahawk of returning
(32, -5, D:9)
  a +0 mace
(35, -21, D:9)
  a +0 giant club
  a +0 giant club
(45, -18, D:9)
  a +0 spear
(45, 7, D:9)
  a +0 shield
  a +0 falchion
  a +0 scimitar
(49, -21, D:9)
  a +0 short sword
  a +0 scale mail
  an orc skeleton
(49, -20, D:9)
  a +0 war axe
(50, -20, D:9)
  a +0 dagger
  an orc skeleton

the Ecumenical Temple

