Cynur

Level 1 of the Dungeon
(0, 0, D:1)
  a +0 dagger
(6, -1, D:1)
  a +0 club
(12, 37, D:1)
  a +0 club
(32, 10, D:1)
  a +0 dagger

Level 2 of the Dungeon
(0, 0, D:2)
  a +0 dagger
(1, -11, D:2)
  a +0 club
(15, -36, D:2)
  a +0 club
(17, -24, D:2)
  a +0 dagger
(25, -25, D:2)
  a +0 dagger
  a +0 whip

Level 3 of the Dungeon
(0, 0, D:3)
  a +0 club
(13, -12, D:3)
  a +0 club
(15, -18, D:3)
  a +0 leather armour
(30, -22, D:3)
  a +0 club
(45, -18, D:3)
  a +0 club

Level 4 of the Dungeon
(0, 0, D:4)
  a +2 flail of draining (still there?)
  a +0 flail (still there?)
(2, 2, D:4)
  a sling bullet
(3, -2, D:4)
  a stone
(5, 3, D:4)
  a sling bullet
  (unseen)

