Azigirur

Level 1 of the Dungeon
(0, 0, D:1)
  a +0 short sword
(4, -45, D:1)
  a +0 club
(18, -41, D:1)
  a +0 dagger
(19, -40, D:1)
  a +0 club
(27, -35, D:1)
  a +0 dagger

Level 2 of the Dungeon
(0, 0, D:2)
  2 fruits
(1, -1, D:2)
  2 fruits
(2, 0, D:2)
  3 fruits
(3, 0, D:2)
  3 fruits
(21, -7, D:2)
  a +0 robe
(23, -18, D:2)
  a +0 mace
(25, -13, D:2)
  a +0 leather armour
(33, -17, D:2)
  a +0 leather armour
(33, 15, D:2)
  a +0 club
(38, -11, D:2)
  a +0 club
  a +0 whip
(38, 10, D:2)
  a +0 spear
  a +0 dagger
(39, -11, D:2)
  a +0 short sword
  a +0 dagger
(40, -20, D:2)
  a +0 club
(40, -19, D:2)
  a +0 helmet
(42, -20, D:2)
  a +0 spear
(46, 0, D:2)
  a +0 hunting sling
(50, 3, D:2)
  a +0 club

Level 3 of the Dungeon
(0, 11, D:3)
  a +0 leather armour
(4, -8, D:3)
  a +0 club
(9, -1, D:3)
  a +0 mace
(19, -3, D:3)
  a +0 ring mail
(23, -3, D:3)
  a +0 trident
(23, 19, D:3)
  a +0 club
(37, 20, D:3)
  a +0 ring mail
(42, -8, D:3)
  a +0 whip
(43, -7, D:3)
  a +0 leather armour

Level 4 of the Dungeon
(0, 0, D:4)
  a +0 spear
(14, -7, D:4)
  a +0 dagger
(37, -1, D:4)
  a +0 short sword

