Lathas

Level 1 of the Dungeon
(0, 0, D:1)
  a +0 club
  a +0 robe
(4, 10, D:1)
  a +0 club
(12, -10, D:1)
  a +0 centaur barding
(12, 17, D:1)
  a +0 club
(23, 3, D:1)
  a +0 dagger
(28, -3, D:1)
  a +0 club
(30, 7, D:1)
  a +0 club
(31, -1, D:1)
  a +0 club
(36, 6, D:1)
  a +0 club
(41, 6, D:1)
  a +0 whip
  (unseen)

Level 2 of the Dungeon
(0, 0, D:2)
  a scroll of enchant weapon
(5, -8, D:2)
  a +0 dagger
  a +0 club
  a goblin corpse
  a goblin corpse
(5, -5, D:2)
  a bread ration
(6, -8, D:2)
  a +0 club
(7, -8, D:2)
  an adder corpse
(16, -14, D:2)
  22 bolts

