Wauriot

Level 1 of the Dungeon
(0, 0, D:1)
  a +0 club
(7, 0, D:1)
  a +0 whip
(10, -23, D:1)
  a +0 ring mail
(13, 10, D:1)
  a +0 ring mail
(20, 11, D:1)
  a +0 club
(31, 7, D:1)
  a cursed -1 club
(37, -13, D:1)
  a +0 club
(38, -18, D:1)
  a +0 short sword
(48, -18, D:1)
  a +0 dagger
(48, -17, D:1)
  a +0 club

Level 2 of the Dungeon
(3, -5, D:2)
  a +0 club
(3, 8, D:2)
  a +0 whip
(5, -10, D:2)
  a +0 robe
(25, -10, D:2)
  a +0 club
(36, 43, D:2)
  a +0 club
(42, 10, D:2)
  a +0 dagger
(50, -6, D:2)
  a cursed -3 club
(51, 34, D:2)
  a +0 whip

Level 3 of the Dungeon
(3, 4, D:3)
  a +0 leather armour
(8, 5, D:3)
  a +0 dagger
(12, -3, D:3)
  a +0 club
(13, -3, D:3)
  a +0 flail
  a +0 flail
(14, -4, D:3)
  a +0 halberd
(33, -17, D:3)
  a +1 dagger of venom
(38, -8, D:3)
  a bat corpse
(39, -7, D:3)
  a +0 club
  a hobgoblin corpse
(43, -1, D:3)
  21 arrows
(44, -2, D:3)
  a +0 robe

