Neck

Level 1 of the Dungeon
(0, 0, D:1)
  a +0 club
(12, -1, D:1)
  a +0 hand axe
(14, -17, D:1)
  a +0 ring mail
(18, 1, D:1)
  a +0 dagger
(32, 6, D:1)
  a +0 club
(33, -24, D:1)
  a +0 club
(38, 18, D:1)
  a +0 dagger
(46, 19, D:1)
  a +0 short sword
(48, 18, D:1)
  a +0 dagger
(50, 14, D:1)
  a +0 leather armour
(51, 4, D:1)
  a +0 dagger

Level 2 of the Dungeon
(0, 0, D:2)
  a +0 scale mail
(3, -16, D:2)
  a cursed +0 ring mail
(3, -2, D:2)
  a cursed -2 club
(17, 7, D:2)
  a +0 dagger
(28, -16, D:2)
  a +0 dagger
(41, -12, D:2)
  a +0 club
(42, -11, D:2)
  a +0 club

Level 3 of the Dungeon
(0, 0, D:3)
  a cursed +2 scimitar
  a +0 robe
(2, 0, D:3)
  6 gold pieces
(2, 5, D:3)
  a +0 flail
  a +0 robe
(2, 6, D:3)
  a +0 club
  a kobold corpse
(4, 26, D:3)
  a +0 dagger
  a kobold corpse
(5, 25, D:3)
  a +0 club
  a goblin corpse
(6, 30, D:3)
  a +0 club
  a +0 scale mail
(9, 28, D:3)
  a +0 club
(9, 29, D:3)
  a +0 dagger
(12, 30, D:3)
  a +0 short sword
(23, 10, D:3)
  a +0 club
(41, 35, D:3)
  a +2 quarterstaff of chaos
  a +0 cloak
  the gnoll corpse of Crazy Yiuf (skeletalised by now)

