Ejiaheon

Level 1 of the Dungeon
(0, 0, D:1)
  a +0 mace
(4, 6, D:1)
  a +0 dagger
(14, 27, D:1)
  a +0 club
(17, 10, D:1)
  a +0 short sword
(26, 51, D:1)
  a +0 club
(28, 40, D:1)
  a +0 helmet
(30, 7, D:1)
  a +0 helmet
(56, -2, D:1)
  a +0 dagger

Level 2 of the Dungeon
(2, 20, D:2)
  a +0 ring mail
(7, 32, D:2)
  a +0 dagger
(8, 16, D:2)
  a cursed -2 ring of evasion
(9, -14, D:2)
  a +0 dagger
  a +0 ring mail
(10, -5, D:2)
  a +0 club
(18, -3, D:2)
  a +0 club
(23, 11, D:2)
  a +0 dagger
(27, 26, D:2)
  a +0 halberd
(32, 17, D:2)
  a +0 club
(39, 21, D:2)
  a +0 spear
(45, 3, D:2)
  a +0 dagger

Level 3 of the Dungeon
(0, 0, D:3)
  a scroll of enchant armour
(1, 4, D:3)
  a +0 short sword
  (unseen)
(3, 5, D:3)
  11 gold pieces
(17, 12, D:3)
  a +0 robe
(33, 4, D:3)
  a +0 club

