Piusazur

Level 1 of the Dungeon
(0, 0, D:1)
  a +0 club
(4, 10, D:1)
  a +0 whip
(16, 8, D:1)
  a cursed -1 club
(18, 29, D:1)
  a +0 ring mail
(20, 13, D:1)
  (unseen)
(20, 14, D:1)
  (unseen)
(22, 9, D:1)
  a +0 dagger
(26, 13, D:1)
  a +0 leather armour
(30, 38, D:1)
  a +0 buckler
(38, 24, D:1)
  11 gold pieces
(47, 12, D:1)
  a +0 whip
(47, 16, D:1)
  a +0 club

Level 2 of the Dungeon
(0, 0, D:2)
  a +0 dagger
(4, -14, D:2)
  a potion of degeneration
(21, 0, D:2)
  a cursed -1 club
(22, -1, D:2)
  a +0 club
(27, 16, D:2)
  a +0 club
(32, 5, D:2)
  a +0 chain mail
(34, -23, D:2)
  a +0 club
(38, 24, D:2)
  a +0 dagger
(44, 10, D:2)
  a +0 club
(46, -24, D:2)
  a +0 robe
(46, 27, D:2)
  a +0 club
(57, 1, D:2)
  a +0 chain mail
(58, -1, D:2)
  a +0 whip

Level 3 of the Dungeon
(1, 0, D:3)
  a cursed -2 club
(3, 21, D:3)
  a +0 hand axe
(11, 16, D:3)
  a potion of degeneration
(14, -2, D:3)
  a +0 club
(15, -3, D:3)
  a +0 club
(35, 5, D:3)
  a +0 dagger
(37, 7, D:3)
  a +0 ring mail

Level 4 of the Dungeon
(0, 0, D:4)
  a +0 hand axe
(1, 19, D:4)
  a +0 flail
(4, 8, D:4)
  a +0 robe
(4, 20, D:4)
  a +0 whip
(19, 11, D:4)
  a +0 club
(19, 12, D:4)
  a +0 whip
(20, 11, D:4)
  a +0 whip
(20, 12, D:4)
  a +0 whip
(39, 6, D:4)
  a -3 mace
(42, 12, D:4)
  a -3 mace
(48, 34, D:4)
  a +0 leather armour

Level 5 of the Dungeon
(0, 0, D:5)
  a +0 spear
(1, 0, D:5)
  a cursed -3 club
  a +0 spear
(3, -20, D:5)
  a potion of lignification
  a +0 dagger
  a +0 shortbow
(20, 2, D:5)
  a +0 dagger
(23, -20, D:5)
  a +0 flail
(24, -20, D:5)
  a +0 dagger
  a +0 robe
(24, -19, D:5)
  a cursed -1 dagger
(38, -36, D:5)
  a +0 hand axe
(38, 10, D:5)
  a +1 helmet of intelligence
(45, -2, D:5)
  a meat ration

Level 6 of the Dungeon
(0, 0, D:6)
  a +0 robe
(11, -13, D:6)
  a scroll of random uselessness
(12, -32, D:6)
  a +0 trident
(12, 0, D:6)
  a +2 whip of freezing
  a +0 robe
(13, 2, D:6)
  a cursed +0 animal skin
(21, -10, D:6)
  a +0 giant spiked club
(24, -12, D:6)
  a +0 shortbow
(28, -27, D:6)
  a +0 flail
(47, -37, D:6)
  a +0 leather armour
  a +0 whip
  a +0 ring mail
(47, -36, D:6)
  a +0 dagger
  a +0 robe

Level 7 of the Dungeon
(0, 0, D:7)
  a +0 leather armour
(1, 14, D:7)
  a +0 shortbow
(6, 54, D:7)
  a +0 rapier
  a +0 falchion
  a +0 long sword
  a -2 war axe
  a -2 short sword
  a -3 long sword
  a +0 spear
  a +0 falchion
  a +0 spear
  a +0 mace
(11, 16, D:7)
  a +0 quarterstaff
(15, 36, D:7)
  a +0 club
(26, 0, D:7)
  a +0 hand axe
(31, 25, D:7)
  a +0 giant club
(45, 41, D:7)
  a +0 spear
(45, 42, D:7)
  a +0 spear
(46, 41, D:7)
  a +0 spear
(47, 11, D:7)
  a +0 flail
(47, 41, D:7)
  a +0 spear
(53, 19, D:7)
  a +0 plate armour
(60, 40, D:7)
  a +0 dagger

Level 8 of the Dungeon
(0, 0, D:8)
  a +0 giant spiked club
  a +0 giant club
(2, -28, D:8)
  a +0 mace
(6, -37, D:8)
  a +0 trident
  a +0 leather armour
(7, -37, D:8)
  a +0 whip
  a +0 club
  a +0 club
  a +0 ring mail
(12, -23, D:8)
  a +0 short sword
(14, -24, D:8)
  a +0 whip
(14, 8, D:8)
  a +0 dagger
(16, 9, D:8)
  a +0 trident
(19, -6, D:8)
  a +0 dagger
(23, -25, D:8)
  a +0 giant club
(23, -16, D:8)
  a cursed -3 club
(23, -15, D:8)
  a +0 war axe
  a +0 leather armour
(32, -39, D:8)
  a +0 chain mail
  a +0 mace
(34, -19, D:8)
  a +0 giant club
(39, -19, D:8)
  a +0 chain mail
(46, -33, D:8)
  a cursed +0 spear
(49, -26, D:8)
  a cursed +0 short sword
  a +0 robe
  a cursed +0 robe
(49, -25, D:8)
  a +0 robe
(49, 10, D:8)
  a +0 robe
(50, -25, D:8)
  a +0 robe
(51, -26, D:8)
  a scroll of amnesia
  a -3 long sword
  a +0 falchion
  a +0 rapier
  a +0 shield
  a +0 mace
  a +1 hand axe of chopping
  a +0 falchion
  a +0 cloak
  a +0 scale mail
(57, -17, D:8)
  a +0 club
  a +0 chain mail
  a +0 club

Level 9 of the Dungeon
(0, 0, D:9)
  a +1 falchion
  a +4 trident
  a +1 spear of freezing
  a +3 dagger
  a +3 quarterstaff of chaos
(9, 5, D:9)
  a cursed -3 trident
  a +0 scale mail
(9, 6, D:9)
  a +0 flail
  a +0 dagger
  a +0 robe
(9, 12, D:9)
  a +0 robe
(10, 6, D:9)
  a +0 long sword
  a +0 chain mail
(26, 17, D:9)
  a +0 chain mail
(31, 27, D:9)
  a +0 chain mail
(32, 28, D:9)
  a +0 giant spiked club
  a +0 giant club
(43, 42, D:9)
  a +0 buckler

Level 10 of the Dungeon
[Shop] Vonejoil's Assorted Antiques
  a +0 arbalest (121 gold)
  a +0 longbow (121 gold)
  a scroll of amnesia (94 gold)
  a +4 hand axe of draining (739 gold)
  a +0 chain mail (121 gold)
  the +8 spear "Tatuf" {venom, rN+} (1479 gold)
    It poisons the flesh of those it strikes.
    
    It protects you from negative energy.
(0, 0, D:10)
  a +0 fustibalus
(8, 6, D:10)
  a +0 leather armour
(15, -3, D:10)
  a +0 dagger
  a +0 robe
(19, -6, D:10)
  a +0 dagger
  a +0 robe
(19, -5, D:10)
  a +0 glaive
  a cursed -2 plate armour
(20, -5, D:10)
  a cursed +0 club
(23, 6, D:10)
  a +0 hand axe
  a +0 dagger
  a +0 robe
  a +0 whip
  a +0 leather armour
(23, 7, D:10)
  a +0 dagger
  a cursed +0 robe
(24, 1, D:10)
  a +0 mace
  a +0 ring mail
(25, -3, D:10)
  a +0 flail
  a scroll of noise
  a +0 pair of boots
(25, -2, D:10)
  a +0 club
  a +0 flail
(25, 0, D:10)
  a +0 short sword
(26, 27, D:10)
  a scroll of teleportation
(28, 11, D:10)
  a +0 shortbow
(39, 11, D:10)
  a river rat skeleton
(41, 12, D:10)
  a river rat skeleton
(43, 25, D:10)
  a +0 hand axe
  a +0 hand axe
  a +0 leather armour
(45, 12, D:10)
  a +3 rapier of draining
  a +1 robe of fire resistance
  5 curare-tipped needles
  a +0 hunting sling
  79 sling bullets
  a -2 eveningstar
  a +2 demon trident of venom
  27 bolts
  a +0 robe of magic resistance
  a +0 plate armour
  a +0 long sword
(46, 11, D:10)
  a +0 whip
(47, 11, D:10)
  a river rat skeleton
(48, 16, D:10)
  a +0 halberd
  a +0 chain mail
(48, 17, D:10)
  a +0 leather armour
(51, 32, D:10)
  a rat skeleton
(54, 43, D:10)
  a +0 buckler
(55, 44, D:10)
  a +0 battleaxe

Level 1 of the Lair of Beasts
(0, 0, Lair:1)
  a tomahawk

