Mesitooc

Level 1 of the Dungeon
(0, 0, D:1)
  a +0 ring mail
(4, 17, D:1)
  a +0 club
(7, 33, D:1)
  a +0 dagger
(10, 36, D:1)
  a +0 robe
(11, 23, D:1)
  17 arrows
(19, 26, D:1)
  a +0 short sword
(21, 42, D:1)
  a +0 club
  a +0 robe
(34, 33, D:1)
  a +0 dagger
(42, 25, D:1)
  a +0 dagger

Level 2 of the Dungeon
(2, 0, D:2)
  a +0 dagger
(33, 20, D:2)
  a +0 club
(52, -17, D:2)
  a +0 club
(53, -14, D:2)
  a +0 dagger

Level 3 of the Dungeon
(0, 0, D:3)
  a +0 leather armour
(2, 2, D:3)
  a +0 leather armour
(3, -3, D:3)
  a +0 mace
(14, -6, D:3)
  a +0 whip
(15, -4, D:3)
  a -3 dagger
(25, -29, D:3)
  a +0 ring mail
(26, 3, D:3)
  a +0 chain mail
(26, 15, D:3)
  a +0 club
(32, -1, D:3)
  a +0 dagger
  a +0 club
(33, -1, D:3)
  a +0 club
  a +0 club
  a +0 dagger
  a +0 dagger
(35, -12, D:3)
  a +0 club
  a +0 club
(35, 1, D:3)
  a +0 flail
(36, -12, D:3)
  a +0 club
(37, -11, D:3)
  a +0 club
  a +0 chain mail
(37, -10, D:3)
  a +0 club
(39, -7, D:3)
  a +0 dagger
  a +0 robe
  a +0 hand axe
(39, -5, D:3)
  a cursed -3 club
  a +0 ring mail
(40, -28, D:3)
  a +0 dagger
(42, -11, D:3)
  a +0 club

Level 4 of the Dungeon
(0, 0, D:4)
  a +0 dagger
(3, 1, D:4)
  a +0 chain mail
(11, -11, D:4)
  a +0 giant spiked club
(23, 29, D:4)
  a +0 club
  a +0 chain mail
  a +0 hand axe
  a +0 robe
(24, 29, D:4)
  a +0 scale mail
(46, 0, D:4)
  a +0 giant club
(63, 9, D:4)
  a +0 dagger
(65, 23, D:4)
  an uncursed ring of teleportation

Level 5 of the Dungeon
(0, 0, D:5)
  a black bear skeleton

