Qicror

Level 1 of the Dungeon
(0, 0, D:1)
  a +0 ring mail
(2, 11, D:1)
  7 silver javelins
(8, 23, D:1)
  a +0 robe
(17, 11, D:1)
  a +0 robe
(23, 7, D:1)
  a cursed +0 club

Level 2 of the Dungeon
(0, 0, D:2)
  a +0 ring mail
(5, -45, D:2)
  a +0 club
(8, -44, D:2)
  a +0 dagger
(8, 15, D:2)
  a +0 dagger
  a +0 robe
(38, -44, D:2)
  a +0 robe
(39, -41, D:2)
  a +0 dagger
(40, -41, D:2)
  a +0 club
(45, -29, D:2)
  a +0 club

Level 3 of the Dungeon
(0, 0, D:3)
  a +0 flail
  a +0 club
(1, -10, D:3)
  a +0 club
(5, 6, D:3)
  a cursed +0 chain mail
(14, 23, D:3)
  a +0 scale mail
(20, 6, D:3)
  a +0 dagger
(23, 20, D:3)
  a +0 whip
(24, -8, D:3)
  a +0 club
  a +0 dagger
  a +0 robe
  a +0 dagger
  a +0 robe
  a +0 whip
(24, 21, D:3)
  a +0 short sword
(32, -19, D:3)
  a +0 leather armour
(35, -9, D:3)
  a +0 leather armour
(35, 27, D:3)
  a +0 whip
(39, 8, D:3)
  a +0 club

Level 4 of the Dungeon
(11, 9, D:4)
  a +0 leather armour
(25, 33, D:4)
  a +0 dagger
(29, 24, D:4)
  a +0 hand axe
(29, 25, D:4)
  a +0 dagger
(30, 53, D:4)
  a +0 mace
(32, 13, D:4)
  a cursed -2 dagger
(37, 49, D:4)
  a +0 leather armour
(38, 31, D:4)
  a +0 hand axe
  a +0 dagger
  a +0 flail
  a +0 ring mail
(38, 40, D:4)
  a +0 whip
(40, 1, D:4)
  a +0 robe

Level 5 of the Dungeon
(11, 7, D:5)
  a +0 leather armour
(12, 22, D:5)
  a +0 leather armour
(16, 8, D:5)
  a +0 ring mail
(20, 17, D:5)
  a +0 whip
(26, 22, D:5)
  a +0 dagger

Level 6 of the Dungeon
[Shop] Uvidabya's Jewellery Shop
  an uncursed ring of flight (210 gold)
  an uncursed ring of flight (210 gold)
  a +4 ring of evasion (432 gold)
  an uncursed amulet of faith (480 gold)
  a cursed -3 ring of protection (24 gold)
  an uncursed ring of positive energy (240 gold)
  an uncursed amulet of the gourmand (360 gold)
  a +4 ring of dexterity (324 gold)
  an uncursed ring of poison resistance (240 gold)
  an uncursed amulet of the gourmand (360 gold)
(2, -2, D:6)
  a +0 animal skin
  a +0 animal skin
(3, -16, D:6)
  a +0 hand axe
(3, -2, D:6)
  a cursed +0 animal skin
(4, 0, D:6)
  a +0 animal skin
(5, 0, D:6)
  a +0 animal skin
  a +0 animal skin
(15, -23, D:6)
  a +0 dagger
(17, 4, D:6)
  a +0 spear
(20, 21, D:6)
  a +0 plate armour
(22, 15, D:6)
  3 scrolls of random uselessness
(30, -14, D:6)
  a cursed +0 chain mail
(59, -4, D:6)
  a +0 long sword

Level 7 of the Dungeon
(18, 8, D:7)
  an uncursed staff of summoning
  a +0 short sword
  a +0 morningstar
  20 poisoned needles
  a +0 ring mail
  a +0 hand axe
  a +0 dagger
  a +0 club
  a +0 leather armour
(24, -10, D:7)
  a cursed -2 war axe
  a +0 chain mail
(25, -11, D:7)
  a +0 club
  a +0 scale mail
(25, -10, D:7)
  a +0 flail
  a +0 ring mail
(26, -22, D:7)
  a +0 dagger
  a +0 leather armour
(27, -24, D:7)
  a +0 chain mail
(28, -25, D:7)
  a cursed -3 giant club
(28, -24, D:7)
  a +0 whip
  a +0 leather armour
(28, -23, D:7)
  a +0 dagger
  a +0 ring mail
(29, -24, D:7)
  a +0 dagger
(29, -23, D:7)
  a +0 short sword
(49, -41, D:7)
  a +0 giant club
  an ogre skeleton

Level 8 of the Dungeon
(0, 0, D:8)
  13 gold pieces
(0, 5, D:8)
  a bullfrog corpse
(2, -9, D:8)
  2 tomahawks
(5, -7, D:8)
  2 tomahawks
(7, 6, D:8)
  16 gold pieces
(11, -2, D:8)
  a +0 ring mail
(13, -7, D:8)
  5 large rocks

the Ecumenical Temple

