Ofied

Level 1 of the Dungeon
(0, 0, D:1)
  a +0 mace
(5, 26, D:1)
  3 large rocks
(7, 33, D:1)
  a +0 ring mail
(10, -10, D:1)
  a +0 dagger
(40, 14, D:1)
  a cursed -1 club
(41, 2, D:1)
  a +0 dagger
(42, 22, D:1)
  a +0 ring mail
(46, 2, D:1)
  a +0 leather armour

Level 2 of the Dungeon
(0, 0, D:2)
  4 large rocks
(6, -2, D:2)
  a cursed +0 leather armour
(13, 25, D:2)
  a +0 robe
(18, -17, D:2)
  a +0 leather armour
(34, 12, D:2)
  a +0 club
(41, -11, D:2)
  a +0 dagger

Level 3 of the Dungeon
(0, 0, D:3)
  a cursed -1 dagger
(14, 14, D:3)
  a +0 club
(38, 18, D:3)
  a +0 quarterstaff
(60, -6, D:3)
  a +4 quarterstaff of chaos
  a +0 cloak

Level 4 of the Dungeon
(0, 0, D:4)
  12 gold pieces
(17, -7, D:4)
  a cursed +0 robe

