Muih

Level 1 of the Dungeon
(7, -2, D:1)
  a +0 club
(7, 16, D:1)
  a +0 club
(9, 51, D:1)
  a +0 scale mail
(21, 18, D:1)
  a +0 dagger
(22, 33, D:1)
  a +0 club
(28, 4, D:1)
  a +0 club
(30, 4, D:1)
  a +0 dagger
(31, 4, D:1)
  a +0 whip
(33, 4, D:1)
  a +0 club
(49, 9, D:1)
  a +0 dagger
(53, 30, D:1)
  a +0 club

Level 2 of the Dungeon
(0, 0, D:2)
  a +0 animal skin
  a +0 animal skin
(2, 0, D:2)
  a +0 animal skin
  a +0 animal skin
  a +0 animal skin
  a +0 animal skin
(34, -20, D:2)
  a +0 club
  a +0 dagger
(35, -6, D:2)
  a +0 leather armour
(39, -25, D:2)
  a +0 mace
(41, -9, D:2)
  a +0 club
(42, 4, D:2)
  a +0 dagger
(46, -3, D:2)
  a +0 club
  a +0 robe

Level 3 of the Dungeon
(0, 0, D:3)
  a +0 hand axe
(1, 2, D:3)
  a +0 club
(6, -22, D:3)
  3 scrolls of noise
(8, -29, D:3)
  a +0 club
(15, 8, D:3)
  a +0 scale mail
(21, -4, D:3)
  a +0 mace of protection
(25, -14, D:3)
  a +0 mace
(25, -5, D:3)
  a +0 ring mail
(43, -2, D:3)
  a +0 whip

