Ixuang

Level 1 of the Dungeon
(0, 0, D:1)
  a +0 dagger
(3, 7, D:1)
  a +0 club
(5, 7, D:1)
  a +0 club
(6, 4, D:1)
  a +0 robe
(9, -32, D:1)
  a cursed -2 dagger
(17, -13, D:1)
  a +0 short sword
(20, -14, D:1)
  a +0 mace
(40, -11, D:1)
  a +0 robe

Level 2 of the Dungeon
(5, -35, D:2)
  a +0 dagger
(7, -29, D:2)
  a +0 dagger
(14, -39, D:2)
  a +0 dagger
(15, -40, D:2)
  a +0 hunting sling
(16, 1, D:2)
  a +0 club
(24, 2, D:2)
  a +0 dagger
(31, -42, D:2)
  a +0 whip
(35, -27, D:2)
  a +0 dagger
(40, -54, D:2)
  a +0 club
(42, -52, D:2)
  a +0 club
(47, -26, D:2)
  a +0 ring mail
(47, 2, D:2)
  a cursed ring of teleportation
(56, -42, D:2)
  a +0 club

