Dapacop

Level 1 of the Dungeon
(0, 0, D:1)
  a +0 club
(18, 6, D:1)
  a +0 club
(18, 7, D:1)
  a +0 club
  a +0 dagger
  a +0 dagger
(22, -5, D:1)
  a +2 robe of magic resistance
(28, -9, D:1)
  a +0 club
(33, -18, D:1)
  a +0 ring mail

Level 2 of the Dungeon
(0, 0, D:2)
  a cursed -2 dagger
  a +0 flail
(1, 2, D:2)
  a +0 club
(2, 5, D:2)
  a +0 club
(13, -19, D:2)
  a +0 dagger
(13, -6, D:2)
  a +0 ring mail
(17, -29, D:2)
  a +0 short sword
(49, -27, D:2)
  a +0 club
(49, -4, D:2)
  a cursed +0 leather armour
(54, 6, D:2)
  a +0 club
(55, -24, D:2)
  a +2 buckler

Level 3 of the Dungeon
(40, 9, D:3)
  a +0 dagger
(42, -16, D:3)
  a cursed -1 ring mail
(46, -11, D:3)
  a +0 club
(50, 22, D:3)
  a +0 dagger
(51, 34, D:3)
  a +0 spear
  a +0 ring mail
(51, 35, D:3)
  a +0 spear
(51, 36, D:3)
  a +0 club
  a +0 whip
(52, 43, D:3)
  a +0 leather armour
(57, 38, D:3)
  a +0 whip

Level 4 of the Dungeon
(2, -11, D:4)
  a +0 dagger
  a +0 leather armour
  an orc corpse
(5, -12, D:4)
  a +0 dagger
  (unseen)
(6, 4, D:4)
  a +0 dagger
  a +0 ring mail
  a +0 club
  a +0 leather armour
(7, 4, D:4)
  a cursed -1 club
  a +0 leather armour
(10, 23, D:4)
  a +0 whip
(16, 12, D:4)
  a +0 short sword

