Sujem

Level 1 of the Dungeon
(10, 25, D:1)
  a +0 robe
(11, -15, D:1)
  a +0 club
(19, 6, D:1)
  a +0 ring mail
(21, -11, D:1)
  a +0 robe
(21, 11, D:1)
  a +0 robe
(22, 17, D:1)
  a +0 dagger
(24, -18, D:1)
  a +0 robe
(27, -6, D:1)
  a +0 leather armour
(36, 10, D:1)
  a +0 hand axe
(37, 12, D:1)
  a +0 club
(45, -13, D:1)
  a +0 buckler
(50, -18, D:1)
  a +0 club
(51, -12, D:1)
  a +0 dagger

Level 2 of the Dungeon
(0, 0, D:2)
  a +0 club
(18, 29, D:2)
  a +0 club
(23, 22, D:2)
  a +0 club
(36, 3, D:2)
  a +0 club

Level 3 of the Dungeon
(0, 0, D:3)
  a +0 club
(7, -11, D:3)
  a kobold skeleton
(21, 9, D:3)
  a +0 club
(28, 15, D:3)
  a +0 hand axe
  a +0 leather armour
(41, 8, D:3)
  a +0 dagger

Level 4 of the Dungeon
(0, 0, D:4)
  8 gold pieces
(1, 0, D:4)
  a scroll of fog

