Catahohu

Level 1 of the Dungeon
(0, 0, D:1)
  a cursed -1 club
(2, 1, D:1)
  a +0 short sword
(4, 3, D:1)
  a +0 robe
(14, 28, D:1)
  a +0 club
(19, 39, D:1)
  a +0 dagger
(21, 36, D:1)
  a +0 hunting sling
(33, 21, D:1)
  a +0 club
(37, 6, D:1)
  a +0 short sword

Level 2 of the Dungeon
(18, -7, D:2)
  a +0 club
(21, -16, D:2)
  a +0 buckler
(22, -13, D:2)
  a +0 whip
(23, 2, D:2)
  a +0 robe
(28, 6, D:2)
  a +0 club
(31, -12, D:2)
  a +0 dagger
(46, -19, D:2)
  a +0 club
  a cursed -1 ring mail

Level 3 of the Dungeon
(3, 16, D:3)
  a +0 trident
  a +0 scale mail
(7, -11, D:3)
  a +0 ring mail
(8, -5, D:3)
  a +0 leather armour
(9, 10, D:3)
  a +0 club
(17, -14, D:3)
  a cursed -3 dagger
(24, -18, D:3)
  a +0 whip
(39, -6, D:3)
  a bread ration
(43, -5, D:3)
  a scroll of identify
(44, -5, D:3)
  25 sling bullets
(46, -8, D:3)
  a scroll of identify
(47, 15, D:3)
  a +0 short sword
  a +0 short sword
(49, -14, D:3)
  a cursed +0 dagger

Level 4 of the Dungeon
(0, 0, D:4)
  a hound skeleton
(7, -19, D:4)
  a +0 scale mail
(19, -32, D:4)
  a +0 ring mail

Level 5 of the Dungeon
(0, 0, D:5)
  a potion of invisibility
(1, 1, D:5)
  a +0 glaive
  (unseen)
(1, 2, D:5)
  a +0 club
  (unseen)
(2, 1, D:5)
  a +0 hand axe
  an orc corpse

