Roiz

Level 1 of the Dungeon
(0, 0, D:1)
  a cursed ring of teleportation
(3, -5, D:1)
  a +0 club
(9, 3, D:1)
  a +0 dagger
(21, -16, D:1)
  a +0 club
(35, 0, D:1)
  a +0 club
(35, 6, D:1)
  a +0 club
(36, 4, D:1)
  a +0 club

Level 2 of the Dungeon
(0, 0, D:2)
  a cursed +0 short sword
(5, 10, D:2)
  27 arrows
(6, 6, D:2)
  a +0 club
(7, -3, D:2)
  a +0 flail
(9, -4, D:2)
  a +0 club
(28, 25, D:2)
  a +0 leather armour
(52, 29, D:2)
  a +0 whip

Level 3 of the Dungeon
(9, 16, D:3)
  a +0 dagger
(16, -12, D:3)
  a +0 club
  a +0 leather armour
  a +0 dagger
  a +0 scale mail
  a +0 leather armour
  a +0 dagger
  a +0 short sword
(25, 24, D:3)
  a +0 club
(32, 0, D:3)
  a cursed +0 ring mail
(37, 26, D:3)
  a +0 chain mail
(38, 12, D:3)
  a +0 club
(38, 14, D:3)
  a +0 club
(45, -5, D:3)
  a cursed -3 short sword
(56, -1, D:3)
  a +0 hunting sling

Level 4 of the Dungeon
(0, 0, D:4)
  a potion of degeneration
(12, 4, D:4)
  a +0 flail
(15, -1, D:4)
  a cursed +0 leather armour
(22, 33, D:4)
  a +0 trident
(39, 34, D:4)
  22 stones
(47, 28, D:4)
  a +0 whip
  (unseen)
(61, 27, D:4)
  a potion of degeneration
(63, 8, D:4)
  a +0 dagger

