Plog

Level 1 of the Dungeon
(0, 0, D:1)
  a +0 club
(1, -1, D:1)
  a +0 dagger
(17, -2, D:1)
  a +0 dagger
(18, 31, D:1)
  a +0 robe
(20, 3, D:1)
  a +0 short sword
(22, 12, D:1)
  a +0 leather armour
(23, 27, D:1)
  a +0 whip
(26, 31, D:1)
  a +0 leather armour
(33, -1, D:1)
  a +0 dagger
(38, 22, D:1)
  a +0 mace
(46, 1, D:1)
  a +0 spear

Level 2 of the Dungeon
(7, 5, D:2)
  a +0 hand axe
(10, -12, D:2)
  a +0 club
(19, -22, D:2)
  a +0 helmet
(34, -3, D:2)
  a +0 club
(38, -9, D:2)
  a +0 robe
(42, -4, D:2)
  a +0 leather armour
(47, -12, D:2)
  a +0 buckler

Level 3 of the Dungeon
(0, 0, D:3)
  a +0 club
(3, 40, D:3)
  a scroll of random uselessness
(14, 21, D:3)
  a +0 ring mail
(17, 6, D:3)
  a +0 hand axe
(18, 5, D:3)
  a +0 club
(23, 6, D:3)
  a +0 dagger
(24, 4, D:3)
  a +0 trident
(25, 4, D:3)
  a +0 short sword
(26, 31, D:3)
  a bread ration
(28, -8, D:3)
  a +0 robe
(30, -7, D:3)
  a +0 leather armour
(32, 2, D:3)
  a +0 dagger
(34, -7, D:3)
  a +0 spear
(37, -4, D:3)
  a +0 robe

