Yppoarad

Level 1 of the Dungeon
(0, 0, D:1)
  a cursed -2 ring of evasion
(5, 22, D:1)
  a +0 club
(14, 4, D:1)
  a +0 ring mail
  a +0 robe
(15, 13, D:1)
  a +0 leather armour
(22, -7, D:1)
  a +0 dagger
  a +0 leather armour
(28, 14, D:1)
  a +0 club
(28, 15, D:1)
  a +0 club
(29, -6, D:1)
  a +0 short sword
(30, -7, D:1)
  a +0 short sword
(30, -6, D:1)
  a +0 club
(33, -8, D:1)
  a cursed -2 club

Level 2 of the Dungeon
(0, 0, D:2)
  a +0 buckler
(10, -48, D:2)
  a +0 dagger
(19, -15, D:2)
  a scroll of noise
(21, -57, D:2)
  a potion of lignification
(25, -26, D:2)
  a +0 hunting sling
(32, -57, D:2)
  a +2 quarterstaff of chaos
(45, -61, D:2)
  a scroll of random uselessness
(46, -47, D:2)
  a +0 naga barding
(50, -11, D:2)
  a +0 dagger
(58, -24, D:2)
  a +0 dagger
(59, -53, D:2)
  a cursed +0 short sword
(61, -38, D:2)
  a +0 spear

Level 3 of the Dungeon
(0, 0, D:3)
  a +0 dagger
(0, 1, D:3)
  a +0 club
  a +0 leather armour
  a +0 hand axe
  a +0 leather armour
(0, 2, D:3)
  a +0 dagger
(22, 23, D:3)
  a +0 club
(23, 23, D:3)
  a +0 short sword
  a +0 ring mail
(54, 7, D:3)
  a +0 club
(57, 9, D:3)
  a cursed +0 club
(61, 1, D:3)
  a +0 hand axe

Level 4 of the Dungeon
[Shop] Ysmey's Jewellery Shop
  an uncursed ring of wizardry (420 gold)
  an uncursed ring of protection from cold (350 gold)
  an uncursed ring of resist corrosion (280 gold)
  a cursed ring of magical power (238 gold)
  an uncursed ring of stealth (245 gold)
  an uncursed ring of magical power (280 gold)
  a +2 ring of evasion (140 gold)
  a +2 ring of evasion (140 gold)
  an uncursed amulet of faith (560 gold)
  a +5 ring of dexterity (576 gold)
(0, 0, D:4)
  2 potions of ambrosia
(1, 0, D:4)
  a worker ant corpse
(26, -28, D:4)
  a +1 helmet
(31, -27, D:4)
  a +0 giant spiked club

