Wedubb

Level 1 of the Dungeon
(0, 0, D:1)
  a +0 ring mail
(1, -20, D:1)
  a +0 club
(2, -20, D:1)
  a +0 dagger
(6, 1, D:1)
  a +0 robe
(11, -25, D:1)
  a +0 leather armour
(20, -2, D:1)
  a +0 leather armour
(22, -28, D:1)
  a +0 ring mail
(27, -14, D:1)
  a +0 leather armour
(39, -26, D:1)
  a +0 club
(45, -38, D:1)
  a +0 club
(63, -27, D:1)
  a +0 dagger

Level 2 of the Dungeon
(0, 0, D:2)
  a +0 flail
  (unseen)
(1, 5, D:2)
  a potion of curing
(4, -9, D:2)
  a +0 dagger
(6, -8, D:2)
  a stone
(7, -10, D:2)
  a +0 helmet

