Noihiotou

Level 1 of the Dungeon
(0, 0, D:1)
  a +0 ring mail
(6, 26, D:1)
  a +0 dagger
(7, -3, D:1)
  a +0 club
(9, 0, D:1)
  a cursed -1 club
(16, 25, D:1)
  a +0 scale mail
(31, -8, D:1)
  a +0 club
(45, -3, D:1)
  a +0 robe
(46, 8, D:1)
  a +0 robe

Level 2 of the Dungeon
(0, 0, D:2)
  a potion of haste
(1, -1, D:2)
  6 gold pieces
(4, -4, D:2)
  a hobgoblin corpse
(5, -6, D:2)
  a bat corpse
(5, -5, D:2)
  a +0 club
  a +0 club
  a goblin corpse
  a hobgoblin corpse
(29, -26, D:2)
  a +0 short sword
  a kobold corpse
(36, -19, D:2)
  a +0 short sword

