Tefoufa

Level 1 of the Dungeon
(30, 42, D:1)
  a scroll of identify
(34, 48, D:1)
  18 stones

Level 2 of the Dungeon
(18, -28, D:2)
  a +0 whip

Level 3 of the Dungeon
(0, 0, D:3)
  a +0 leather armour
(2, -46, D:3)
  a +0 club
(41, -46, D:3)
  a bread ration
(56, -16, D:3)
  a +0 buckler

Level 4 of the Dungeon
(1, -5, D:4)
  a +0 dagger
(14, 11, D:4)
  a +0 dagger
  a +0 dagger
  a +0 dagger
  a +0 leather armour
(25, 19, D:4)
  a cursed -3 dagger
  a +0 flail
  a +0 leather armour
  a +0 club
  a +0 club
  a +0 leather armour
  a +0 club
(39, 28, D:4)
  a potion of lignification

Level 5 of the Dungeon
(14, -19, D:5)
  a +0 whip
(15, -20, D:5)
  a +0 flail
(21, 12, D:5)
  a +0 hunting sling
(23, -10, D:5)
  a +0 ring mail
  a cursed -2 hunting sling
  a +0 hunting sling
(23, 21, D:5)
  a +0 rapier
  a +0 robe
  a +0 animal skin
  a +0 dagger
  a +0 robe
  a +0 hunting sling
  a +0 scale mail

Level 6 of the Dungeon
(0, 0, D:6)
  a +0 robe
(8, 6, D:6)
  a +0 spear
  a +0 robe
(9, -37, D:6)
  a +0 buckler
  a +0 falchion
  a +0 hand axe
  a +0 leather armour
  a +0 animal skin
  a +0 hand axe
(12, 3, D:6)
  a +0 robe
(13, -24, D:6)
  a +0 flail
(14, -26, D:6)
  a +0 robe
  a +0 chain mail
  a +0 spear
  a +0 spear
  a +0 ring mail
  a +1 whip of freezing
  a +0 spear
(14, -25, D:6)
  a +0 club
  a +0 ring mail
  a +0 ring mail
  a +0 club
  a +0 dagger
(15, -20, D:6)
  a +0 club
(18, -9, D:6)
  a +0 spear
  a +0 spear
(21, -2, D:6)
  a +0 scale mail
(22, -16, D:6)
  a +0 giant club
(22, -2, D:6)
  a +0 club
(23, -20, D:6)
  a cursed -2 shortbow

Level 7 of the Dungeon
[Shop] Cerisut's Gadget Emporium
  a wand of flame (23/48) (150 gold)
  a disc of storms (240 gold)
  a wand of acid (9/15) (312 gold)
  a wand of lightning (7/15) (132 gold)
  a disc of storms (240 gold)
  a wand of confusion (10/48) (108 gold)
  a wand of confusion (29/48) (278 gold)
  a sack of spiders (240 gold)
  a +0 rod of shadows (13/13) (1080 gold)
  a box of beasts (240 gold)
[Shop] Exosed's Book Boutique
  a book of Conjurations (420 gold)
  a book of the Tempests (980 gold)
  a Fen Folio (1050 gold)
  a book of Minor Magic (280 gold)
  a book of Flames (490 gold)
  a book of Burglary (1050 gold)
  a book of Battle (560 gold)
[Shop] Weahup's Assorted Antiques
  a scroll of fog (56 gold)
  a scroll of blinking (210 gold)
  a +0 shortbow (84 gold)
  a +0 blowgun (70 gold)
  a scroll of identify (56 gold)
  a potion of degeneration (28 gold)
  a potion of flight (84 gold)
  a scroll of immolation (98 gold)
  a +0 scale mail (112 gold)
  the +1 ring mail "Waurail" {+Fly Str+4} (742 gold)
    It affects your strength (+4).
    It lets you fly.
(0, 0, D:7)
  a cursed +0 plate armour
(2, -30, D:7)
  2 scrolls of amnesia
(2, 0, D:7)
  a +0 dagger
(3, -10, D:7)
  a +0 short sword
(5, -16, D:7)
  a +0 shortbow
(7, -26, D:7)
  a +0 robe
(25, -5, D:7)
  a +2 rapier of draining
  a +0 leather armour
(26, -5, D:7)
  a +1 spear of piercing
  a +0 flail of protection
  a +0 short sword
(33, -6, D:7)
  a +0 leather armour
(49, -27, D:7)
  a +0 dagger
  a +0 animal skin

Level 8 of the Dungeon
(0, 0, D:8)
  a cursed +3 great sword
  a +0 robe
(0, 4, D:8)
  a +0 chain mail
(1, 1, D:8)
  a stone
(2, 1, D:8)
  a stone
(3, 1, D:8)
  a stone
(5, 2, D:8)
  a potion of invisibility
(6, 2, D:8)
  a stone
(15, -12, D:8)
  a cursed -3 giant club

the Ecumenical Temple

