Muizomp

Level 1 of the Dungeon
(0, 24, D:1)
  a club
(0, 26, D:1)
  a dagger
(1, 8, D:1)
  a hand axe
(13, 22, D:1)
  a club
(26, 36, D:1)
  a club
(29, 4, D:1)
  a spear
(40, 20, D:1)
  a dagger
(40, 46, D:1)
  a plate armour

Level 2 of the Dungeon
(0, 0, D:2)
  a dagger
(3, 8, D:2)
  a robe
(4, 6, D:2)
  a club
  a club
(9, -20, D:2)
  a ring mail
(15, 8, D:2)
  a club
(18, -26, D:2)
  a club
(27, -29, D:2)
  a dagger
(32, -6, D:2)
  a club
(32, -4, D:2)
  a short sword
(34, -22, D:2)
  a leather armour

Level 3 of the Dungeon
(0, 0, D:3)
  a mace
(8, -31, D:3)
  a club
(8, -17, D:3)
  a whip
(8, 0, D:3)
  a club
(9, -32, D:3)
  a scale mail
(10, -37, D:3)
  a robe
(12, -45, D:3)
  an adder skeleton
(32, -56, D:3)
  a dagger
(35, -12, D:3)
  a leather armour
(36, -17, D:3)
  a whip
  a leather armour
(37, -17, D:3)
  a short sword
(37, -16, D:3)
  a war axe
  a leather armour
(37, -15, D:3)
  a hand axe
(40, -13, D:3)
  a club
  a leather armour
(46, -5, D:3)
  a whip
(54, -45, D:3)
  a ring mail
(55, -12, D:3)
  an uncursed dagger

