Qic Jid

Level 1 of the Dungeon
(0, 0, D:1)
  a club
(9, -13, D:1)
  a dagger
(9, 8, D:1)
  a robe
(19, -5, D:1)
  a mace

Level 2 of the Dungeon
(22, 23, D:2)
  a club
(34, 17, D:2)
  a club
(35, -3, D:2)
  a dagger

Level 3 of the Dungeon
(2, -2, D:3)
  a dagger
(2, 29, D:3)
  a dagger
(9, 17, D:3)
  a scale mail
(12, 29, D:3)
  a ring mail
(15, 22, D:3)
  a whip
(25, -13, D:3)
  a dagger
(30, -10, D:3)
  a hand axe
  a flail
  a ring mail
  a war axe
  a hand axe
  a leather armour
(34, 38, D:3)
  a spear
(35, 10, D:3)
  a hand axe
(35, 38, D:3)
  a halberd
  a dagger
(36, -12, D:3)
  a trident
(36, 38, D:3)
  a club
(45, -11, D:3)
  a club
(46, 20, D:3)
  a robe
(47, 23, D:3)
  a robe

Level 4 of the Dungeon
(0, 0, D:4)
  a trident
(30, -40, D:4)
  a flail
  a leather armour
(31, -39, D:4)
  a whip
  a chain mail
(48, -32, D:4)
  a trident
(50, -60, D:4)
  a mace
  a ring mail
(52, -50, D:4)
  a scale mail

Level 5 of the Dungeon
(0, 0, D:5)
  a leather armour
(6, 53, D:5)
  a scroll of random uselessness

Level 6 of the Dungeon
(0, 0, D:6)
  a dagger
  (unseen)
(16, 21, D:6)
  a shiny buckler
(18, 17, D:6)
  a scale mail
(18, 18, D:6)
  a hand axe
  a leather armour
(19, 17, D:6)
  a hand axe
  a scale mail
  a short sword
  a leather armour
(19, 18, D:6)
  a dagger of speed
  a robe
  a short sword
  a dagger
  a mace
  a leather armour
(20, 18, D:6)
  a flail
  a chain mail
(26, 19, D:6)
  a chain mail
(32, 28, D:6)
  a scroll of random uselessness

