Sikhlerys

Level 1 of the Dungeon
(4, 51, D:1)
  a club
(12, 34, D:1)
  a club
(18, 40, D:1)
  a leather armour
(23, 52, D:1)
  a hand axe
(31, 50, D:1)
  a ring mail
(35, 7, D:1)
  a club
(41, 4, D:1)
  a spear
(42, 45, D:1)
  a mace
(48, 5, D:1)
  a whip

Level 2 of the Dungeon
(0, 0, D:2)
  a dagger
(0, 2, D:2)
  a club
(19, 7, D:2)
  a dagger
(20, 7, D:2)
  a whip
(30, -21, D:2)
  a robe
(38, -23, D:2)
  a leather armour

Level 3 of the Dungeon
(0, 0, D:3)
  a club
(3, 23, D:3)
  a spear
(4, 25, D:3)
  a club
(12, 13, D:3)
  a club
(14, -12, D:3)
  a club
(16, 13, D:3)
  a dagger
(18, 13, D:3)
  a club
(39, 13, D:3)
  a ring mail
  a mace
(45, 2, D:3)
  a club
(59, -13, D:3)
  a rapier

